{"meta": {"format": 3, "version": "7.10.6", "timestamp": "2025-11-10T16:21:03.737796", "branch_coverage": false, "show_contexts": false}, "files": {"app\\app.py": {"executed_lines": [1, 2, 3, 4, 11, 12, 13, 18, 21, 22, 26, 27, 31, 38, 48, 49, 50, 51, 52, 54, 55, 56, 57, 58, 61], "summary": {"covered_lines": 25, "num_statements": 31, "percent_covered": 80.64516129032258, "percent_covered_display": "81", "missing_lines": 6, "excluded_lines": 0}, "missing_lines": [14, 15, 16, 28, 62, 63], "excluded_lines": [], "functions": {"create_app": {"executed_lines": [22, 26, 27, 31, 38, 48, 49, 50, 51, 52, 54, 55, 56, 57, 58], "summary": {"covered_lines": 15, "num_statements": 16, "percent_covered": 93.75, "percent_covered_display": "94", "missing_lines": 1, "excluded_lines": 0}, "missing_lines": [28], "excluded_lines": []}, "": {"executed_lines": [1, 2, 3, 4, 11, 12, 13, 18, 21, 61], "summary": {"covered_lines": 10, "num_statements": 15, "percent_covered": 66.66666666666667, "percent_covered_display": "67", "missing_lines": 5, "excluded_lines": 0}, "missing_lines": [14, 15, 16, 62, 63], "excluded_lines": []}}, "classes": {"": {"executed_lines": [1, 2, 3, 4, 11, 12, 13, 18, 21, 22, 26, 27, 31, 38, 48, 49, 50, 51, 52, 54, 55, 56, 57, 58, 61], "summary": {"covered_lines": 25, "num_statements": 31, "percent_covered": 80.64516129032258, "percent_covered_display": "81", "missing_lines": 6, "excluded_lines": 0}, "missing_lines": [14, 15, 16, 28, 62, 63], "excluded_lines": []}}}, "app\\core.py": {"executed_lines": [1, 3, 4, 5, 6, 7, 8, 9, 10, 11, 12, 13, 14, 15, 17, 18, 20, 21, 22, 24, 30, 31, 32, 33, 34, 35, 37, 38, 39, 40, 42, 43, 44, 45, 46, 47, 48, 54, 55, 56, 57, 58, 59, 60, 63, 66, 67, 77, 78, 79, 81, 83, 84, 88, 89, 90, 94, 96, 97, 131, 132, 133, 134, 135, 136, 137, 138, 139, 140, 141, 143, 144, 146, 148, 149, 150, 151, 152, 153, 159, 160, 170, 171, 173, 174, 175, 176, 181, 182, 183, 185, 186, 189, 191, 192, 193, 194, 195, 206, 207, 208, 210, 223, 224, 225, 226, 227, 228, 229, 244, 245, 246, 247, 248, 255, 256, 259, 260, 261, 263, 265, 266, 267, 268, 269, 270, 272, 273, 274, 275, 276, 277, 280, 282, 283, 284, 291, 293, 294, 295, 296, 297, 312, 320, 321, 322, 323, 324, 326, 327, 328, 329, 330, 331, 339, 345, 346, 348, 349, 351, 352, 353, 354, 355, 356, 357, 358, 369, 372, 373, 379, 380, 382, 384, 385, 425, 426, 479, 491, 492, 493, 494, 524, 525, 526, 527, 572, 573, 574, 586, 587, 588, 592, 593, 594, 595, 623, 624, 625, 650, 651, 652, 653, 666, 667, 668, 669, 745, 746, 747, 772, 821, 822, 823, 908, 909, 910, 958, 959, 960, 961, 962, 963, 964, 965, 966, 967, 968, 969, 970, 971, 972, 973, 974, 975, 976, 977, 978, 982, 983, 984, 1057, 1058, 1059, 1070, 1071, 1072, 1128, 1129, 1130, 1147, 1148, 1149, 1179, 1180, 1181, 1192, 1193], "summary": {"covered_lines": 258, "num_statements": 756, "percent_covered": 34.12698412698413, "percent_covered_display": "34", "missing_lines": 498, "excluded_lines": 0}, "missing_lines": [91, 92, 98, 99, 101, 102, 103, 104, 105, 106, 108, 109, 110, 111, 120, 121, 123, 124, 125, 126, 127, 128, 129, 145, 187, 188, 196, 197, 211, 212, 213, 214, 215, 216, 217, 218, 219, 220, 221, 230, 231, 232, 243, 278, 298, 299, 301, 303, 304, 305, 306, 307, 309, 310, 313, 314, 315, 316, 317, 318, 340, 341, 342, 343, 347, 374, 375, 386, 387, 388, 389, 390, 391, 392, 393, 412, 428, 429, 431, 432, 434, 435, 436, 437, 439, 440, 441, 442, 443, 446, 447, 448, 449, 450, 451, 452, 455, 456, 457, 458, 459, 461, 462, 463, 464, 465, 467, 468, 469, 470, 473, 474, 475, 480, 481, 487, 495, 496, 498, 499, 500, 502, 504, 505, 507, 508, 509, 518, 519, 520, 529, 530, 531, 533, 535, 536, 537, 538, 539, 540, 541, 542, 543, 544, 546, 547, 549, 550, 551, 552, 554, 556, 565, 566, 567, 568, 575, 576, 577, 578, 580, 581, 582, 583, 590, 596, 597, 598, 599, 600, 601, 602, 603, 604, 605, 606, 607, 608, 610, 619, 620, 621, 626, 627, 628, 630, 631, 632, 633, 634, 635, 636, 637, 638, 639, 640, 641, 642, 643, 644, 645, 646, 654, 655, 656, 657, 664, 670, 671, 672, 673, 674, 676, 677, 678, 680, 681, 682, 685, 686, 687, 688, 691, 699, 700, 701, 702, 703, 704, 705, 706, 707, 708, 709, 716, 717, 718, 719, 720, 721, 722, 723, 724, 730, 739, 740, 741, 748, 749, 750, 751, 752, 753, 754, 755, 756, 757, 759, 760, 761, 762, 763, 764, 765, 766, 767, 768, 769, 770, 773, 774, 776, 777, 778, 779, 780, 781, 783, 790, 824, 825, 826, 827, 828, 829, 830, 831, 832, 833, 834, 835, 836, 837, 838, 839, 845, 846, 847, 848, 849, 850, 851, 852, 853, 854, 855, 856, 862, 863, 864, 865, 866, 868, 869, 870, 871, 872, 873, 875, 877, 878, 885, 886, 887, 889, 890, 891, 892, 893, 894, 895, 896, 898, 904, 905, 906, 911, 912, 914, 915, 916, 917, 918, 920, 921, 923, 924, 926, 927, 928, 929, 930, 931, 935, 936, 937, 938, 939, 940, 941, 942, 943, 944, 945, 946, 947, 949, 950, 951, 952, 953, 954, 955, 956, 985, 986, 987, 988, 989, 990, 991, 992, 993, 994, 995, 996, 997, 998, 999, 1000, 1001, 1002, 1003, 1004, 1005, 1007, 1008, 1009, 1014, 1015, 1016, 1017, 1018, 1019, 1020, 1021, 1022, 1023, 1024, 1025, 1026, 1027, 1028, 1029, 1030, 1037, 1038, 1045, 1053, 1060, 1061, 1062, 1063, 1064, 1066, 1075, 1076, 1077, 1078, 1079, 1080, 1083, 1084, 1085, 1088, 1090, 1091, 1094, 1095, 1096, 1097, 1100, 1101, 1102, 1103, 1104, 1105, 1107, 1108, 1109, 1110, 1111, 1112, 1113, 1116, 1117, 1119, 1120, 1121, 1122, 1124, 1131, 1132, 1133, 1134, 1135, 1136, 1143, 1144, 1145, 1150, 1151, 1152, 1153, 1154, 1155, 1156, 1157, 1158, 1159, 1160, 1161, 1162, 1163, 1164, 1165, 1166, 1173, 1174, 1175, 1182, 1183, 1184, 1185, 1186, 1187, 1188, 1194], "excluded_lines": [], "functions": {"_persist_state": {"executed_lines": [83, 84, 88, 89, 90], "summary": {"covered_lines": 5, "num_statements": 7, "percent_covered": 71.42857142857143, "percent_covered_display": "71", "missing_lines": 2, "excluded_lines": 0}, "missing_lines": [91, 92], "excluded_lines": []}, "_load_state": {"executed_lines": [96, 97], "summary": {"covered_lines": 2, "num_statements": 23, "percent_covered": 8.695652173913043, "percent_covered_display": "9", "missing_lines": 21, "excluded_lines": 0}, "missing_lines": [98, 99, 101, 102, 103, 104, 105, 106, 108, 109, 110, 111, 120, 121, 123, 124, 125, 126, 127, 128, 129], "excluded_lines": []}, "_record_timing": {"executed_lines": [133, 146], "summary": {"covered_lines": 2, "num_statements": 2, "percent_covered": 100.0, "percent_covered_display": "100", "missing_lines": 0, "excluded_lines": 0}, "missing_lines": [], "excluded_lines": []}, "_record_timing._w": {"executed_lines": [134, 135, 136, 137, 138, 139, 140, 141, 143, 144], "summary": {"covered_lines": 10, "num_statements": 11, "percent_covered": 90.9090909090909, "percent_covered_display": "91", "missing_lines": 1, "excluded_lines": 0}, "missing_lines": [145], "excluded_lines": []}, "_percentile": {"executed_lines": [149, 150, 151, 152, 153], "summary": {"covered_lines": 5, "num_statements": 5, "percent_covered": 100.0, "percent_covered_display": "100", "missing_lines": 0, "excluded_lines": 0}, "missing_lines": [], "excluded_lines": []}, "artifact_to_dict": {"executed_lines": [160], "summary": {"covered_lines": 1, "num_statements": 1, "percent_covered": 100.0, "percent_covered_display": "100", "missing_lines": 0, "excluded_lines": 0}, "missing_lines": [], "excluded_lines": []}, "_store_key": {"executed_lines": [171], "summary": {"covered_lines": 1, "num_statements": 1, "percent_covered": 100.0, "percent_covered_display": "100", "missing_lines": 0, "excluded_lines": 0}, "missing_lines": [], "excluded_lines": []}, "save_artifact": {"executed_lines": [174, 175, 176, 181, 182, 183, 185, 186, 189], "summary": {"covered_lines": 9, "num_statements": 11, "percent_covered": 81.81818181818181, "percent_covered_display": "82", "missing_lines": 2, "excluded_lines": 0}, "missing_lines": [187, 188], "excluded_lines": []}, "fetch_artifact": {"executed_lines": [192, 193, 194, 195, 206, 207, 208], "summary": {"covered_lines": 7, "num_statements": 9, "percent_covered": 77.77777777777777, "percent_covered_display": "78", "missing_lines": 2, "excluded_lines": 0}, "missing_lines": [196, 197], "excluded_lines": []}, "_duplicate_url_exists": {"executed_lines": [], "summary": {"covered_lines": 0, "num_statements": 11, "percent_covered": 0.0, "percent_covered_display": "0", "missing_lines": 11, "excluded_lines": 0}, "missing_lines": [211, 212, 213, 214, 215, 216, 217, 218, 219, 220, 221], "excluded_lines": []}, "list_artifacts": {"executed_lines": [224, 225, 226, 227, 228, 229, 244, 245, 246, 247, 248, 255, 256, 259, 260, 261, 263], "summary": {"covered_lines": 17, "num_statements": 21, "percent_covered": 80.95238095238095, "percent_covered_display": "81", "missing_lines": 4, "excluded_lines": 0}, "missing_lines": [230, 231, 232, 243], "excluded_lines": []}, "reset_storage": {"executed_lines": [266, 267, 268, 269, 270], "summary": {"covered_lines": 5, "num_statements": 5, "percent_covered": 100.0, "percent_covered_display": "100", "missing_lines": 0, "excluded_lines": 0}, "missing_lines": [], "excluded_lines": []}, "_parse_bearer": {"executed_lines": [273, 274, 275, 276, 277], "summary": {"covered_lines": 5, "num_statements": 6, "percent_covered": 83.33333333333333, "percent_covered_display": "83", "missing_lines": 1, "excluded_lines": 0}, "missing_lines": [278], "excluded_lines": []}, "_require_auth": {"executed_lines": [282, 283, 284, 291, 293, 294, 295, 296, 297], "summary": {"covered_lines": 9, "num_statements": 19, "percent_covered": 47.36842105263158, "percent_covered_display": "47", "missing_lines": 10, "excluded_lines": 0}, "missing_lines": [298, 299, 301, 303, 304, 305, 306, 307, 309, 310], "excluded_lines": []}, "_json_body": {"executed_lines": [], "summary": {"covered_lines": 0, "num_statements": 6, "percent_covered": 0.0, "percent_covered_display": "0", "missing_lines": 6, "excluded_lines": 0}, "missing_lines": [313, 314, 315, 316, 317, 318], "excluded_lines": []}, "_safe_int": {"executed_lines": [321, 322, 323, 324], "summary": {"covered_lines": 4, "num_statements": 4, "percent_covered": 100.0, "percent_covered_display": "100", "missing_lines": 0, "excluded_lines": 0}, "missing_lines": [], "excluded_lines": []}, "_parse_query": {"executed_lines": [327, 328, 329, 330, 331], "summary": {"covered_lines": 5, "num_statements": 5, "percent_covered": 100.0, "percent_covered_display": "100", "missing_lines": 0, "excluded_lines": 0}, "missing_lines": [], "excluded_lines": []}, "raise_error": {"executed_lines": [], "summary": {"covered_lines": 0, "num_statements": 4, "percent_covered": 0.0, "percent_covered_display": "0", "missing_lines": 4, "excluded_lines": 0}, "missing_lines": [340, 341, 342, 343], "excluded_lines": []}, "_sanitize_search_pattern": {"executed_lines": [346, 348, 349], "summary": {"covered_lines": 3, "num_statements": 4, "percent_covered": 75.0, "percent_covered_display": "75", "missing_lines": 1, "excluded_lines": 0}, "missing_lines": [347], "excluded_lines": []}, "_paginate_artifacts": {"executed_lines": [352, 353, 354, 355, 356, 357, 358], "summary": {"covered_lines": 7, "num_statements": 7, "percent_covered": 100.0, "percent_covered_display": "100", "missing_lines": 0, "excluded_lines": 0}, "missing_lines": [], "excluded_lines": []}, "health": {"executed_lines": [382], "summary": {"covered_lines": 1, "num_statements": 1, "percent_covered": 100.0, "percent_covered_display": "100", "missing_lines": 0, "excluded_lines": 0}, "missing_lines": [], "excluded_lines": []}, "health_components_route": {"executed_lines": [], "summary": {"covered_lines": 0, "num_statements": 9, "percent_covered": 0.0, "percent_covered_display": "0", "missing_lines": 9, "excluded_lines": 0}, "missing_lines": [386, 387, 388, 389, 390, 391, 392, 393, 412], "excluded_lines": []}, "authenticate_route": {"executed_lines": [], "summary": {"covered_lines": 0, "num_statements": 37, "percent_covered": 0.0, "percent_covered_display": "0", "missing_lines": 37, "excluded_lines": 0}, "missing_lines": [428, 429, 431, 432, 434, 435, 436, 437, 439, 440, 441, 442, 443, 446, 447, 448, 449, 450, 451, 452, 455, 456, 457, 458, 459, 461, 462, 463, 464, 465, 467, 468, 469, 470, 473, 474, 475], "excluded_lines": []}, "_audit_add": {"executed_lines": [], "summary": {"covered_lines": 0, "num_statements": 3, "percent_covered": 0.0, "percent_covered_display": "0", "missing_lines": 3, "excluded_lines": 0}, "missing_lines": [480, 481, 487], "excluded_lines": []}, "create_artifact": {"executed_lines": [494], "summary": {"covered_lines": 1, "num_statements": 15, "percent_covered": 6.666666666666667, "percent_covered_display": "7", "missing_lines": 14, "excluded_lines": 0}, "missing_lines": [495, 496, 498, 499, 500, 502, 504, 505, 507, 508, 509, 518, 519, 520], "excluded_lines": []}, "enumerate_artifacts_route": {"executed_lines": [527], "summary": {"covered_lines": 1, "num_statements": 27, "percent_covered": 3.7037037037037037, "percent_covered_display": "4", "missing_lines": 26, "excluded_lines": 0}, "missing_lines": [529, 530, 531, 533, 535, 536, 537, 538, 539, 540, 541, 542, 543, 544, 546, 547, 549, 550, 551, 552, 554, 556, 565, 566, 567, 568], "excluded_lines": []}, "get_artifact_route": {"executed_lines": [], "summary": {"covered_lines": 0, "num_statements": 8, "percent_covered": 0.0, "percent_covered_display": "0", "missing_lines": 8, "excluded_lines": 0}, "missing_lines": [575, 576, 577, 578, 580, 581, 582, 583], "excluded_lines": []}, "get_artifact_route_alias": {"executed_lines": [], "summary": {"covered_lines": 0, "num_statements": 1, "percent_covered": 0.0, "percent_covered_display": "0", "missing_lines": 1, "excluded_lines": 0}, "missing_lines": [590], "excluded_lines": []}, "update_artifact_route": {"executed_lines": [595], "summary": {"covered_lines": 1, "num_statements": 18, "percent_covered": 5.555555555555555, "percent_covered_display": "6", "missing_lines": 17, "excluded_lines": 0}, "missing_lines": [596, 597, 598, 599, 600, 601, 602, 603, 604, 605, 606, 607, 608, 610, 619, 620, 621], "excluded_lines": []}, "delete_artifact_route": {"executed_lines": [], "summary": {"covered_lines": 0, "num_statements": 20, "percent_covered": 0.0, "percent_covered_display": "0", "missing_lines": 20, "excluded_lines": 0}, "missing_lines": [626, 627, 628, 630, 631, 632, 633, 634, 635, 636, 637, 638, 639, 640, 641, 642, 643, 644, 645, 646], "excluded_lines": []}, "upload_list_route": {"executed_lines": [653], "summary": {"covered_lines": 1, "num_statements": 6, "percent_covered": 16.666666666666668, "percent_covered_display": "17", "missing_lines": 5, "excluded_lines": 0}, "missing_lines": [654, 655, 656, 657, 664], "excluded_lines": []}, "upload_create_route": {"executed_lines": [669], "summary": {"covered_lines": 1, "num_statements": 41, "percent_covered": 2.4390243902439024, "percent_covered_display": "2", "missing_lines": 40, "excluded_lines": 0}, "missing_lines": [670, 671, 672, 673, 674, 676, 677, 678, 680, 681, 682, 685, 686, 687, 688, 691, 699, 700, 701, 702, 703, 704, 705, 706, 707, 708, 709, 716, 717, 718, 719, 720, 721, 722, 723, 724, 730, 739, 740, 741], "excluded_lines": []}, "rate_model_route": {"executed_lines": [], "summary": {"covered_lines": 0, "num_statements": 22, "percent_covered": 0.0, "percent_covered_display": "0", "missing_lines": 22, "excluded_lines": 0}, "missing_lines": [748, 749, 750, 751, 752, 753, 754, 755, 756, 757, 759, 760, 761, 762, 763, 764, 765, 766, 767, 768, 769, 770], "excluded_lines": []}, "_to_openapi_model_rating": {"executed_lines": [], "summary": {"covered_lines": 0, "num_statements": 5, "percent_covered": 0.0, "percent_covered_display": "0", "missing_lines": 5, "excluded_lines": 0}, "missing_lines": [773, 774, 776, 783, 790], "excluded_lines": []}, "_to_openapi_model_rating.sec": {"executed_lines": [], "summary": {"covered_lines": 0, "num_statements": 5, "percent_covered": 0.0, "percent_covered_display": "0", "missing_lines": 5, "excluded_lines": 0}, "missing_lines": [777, 778, 779, 780, 781], "excluded_lines": []}, "download_model_route": {"executed_lines": [], "summary": {"covered_lines": 0, "num_statements": 57, "percent_covered": 0.0, "percent_covered_display": "0", "missing_lines": 57, "excluded_lines": 0}, "missing_lines": [824, 825, 826, 827, 828, 829, 830, 831, 832, 833, 834, 835, 836, 837, 838, 839, 845, 846, 847, 848, 849, 850, 851, 852, 853, 854, 855, 856, 862, 863, 864, 865, 866, 868, 869, 870, 871, 872, 873, 875, 877, 878, 885, 886, 887, 889, 890, 891, 892, 893, 894, 895, 896, 898, 904, 905, 906], "excluded_lines": []}, "artifact_cost_route": {"executed_lines": [], "summary": {"covered_lines": 0, "num_statements": 20, "percent_covered": 0.0, "percent_covered_display": "0", "missing_lines": 20, "excluded_lines": 0}, "missing_lines": [911, 912, 914, 915, 916, 917, 918, 920, 921, 923, 924, 926, 949, 950, 951, 952, 953, 954, 955, 956], "excluded_lines": []}, "artifact_cost_route._collect_costs": {"executed_lines": [], "summary": {"covered_lines": 0, "num_statements": 18, "percent_covered": 0.0, "percent_covered_display": "0", "missing_lines": 18, "excluded_lines": 0}, "missing_lines": [927, 928, 929, 930, 931, 935, 936, 937, 938, 939, 940, 941, 942, 943, 944, 945, 946, 947], "excluded_lines": []}, "_calculate_artifact_size_mb": {"executed_lines": [959, 960, 961, 962, 963, 964, 965, 966, 967, 968, 969, 970, 971, 972, 973, 974, 975, 976, 977, 978], "summary": {"covered_lines": 20, "num_statements": 20, "percent_covered": 100.0, "percent_covered_display": "100", "missing_lines": 0, "excluded_lines": 0}, "missing_lines": [], "excluded_lines": []}, "lineage_route": {"executed_lines": [], "summary": {"covered_lines": 0, "num_statements": 45, "percent_covered": 0.0, "percent_covered_display": "0", "missing_lines": 45, "excluded_lines": 0}, "missing_lines": [985, 986, 987, 988, 989, 990, 991, 992, 993, 994, 995, 996, 997, 998, 999, 1000, 1001, 1002, 1003, 1004, 1005, 1007, 1008, 1009, 1014, 1015, 1016, 1017, 1018, 1019, 1020, 1021, 1022, 1023, 1024, 1025, 1026, 1027, 1028, 1029, 1030, 1037, 1038, 1045, 1053], "excluded_lines": []}, "model_license_check_route": {"executed_lines": [], "summary": {"covered_lines": 0, "num_statements": 6, "percent_covered": 0.0, "percent_covered_display": "0", "missing_lines": 6, "excluded_lines": 0}, "missing_lines": [1060, 1061, 1062, 1063, 1064, 1066], "excluded_lines": []}, "reset_route": {"executed_lines": [1072], "summary": {"covered_lines": 1, "num_statements": 37, "percent_covered": 2.7027027027027026, "percent_covered_display": "3", "missing_lines": 36, "excluded_lines": 0}, "missing_lines": [1075, 1076, 1077, 1078, 1079, 1080, 1083, 1084, 1085, 1088, 1090, 1091, 1094, 1095, 1096, 1097, 1100, 1101, 1102, 1103, 1104, 1105, 1107, 1108, 1109, 1110, 1111, 1112, 1113, 1116, 1117, 1119, 1120, 1121, 1122, 1124], "excluded_lines": []}, "by_name_route": {"executed_lines": [], "summary": {"covered_lines": 0, "num_statements": 9, "percent_covered": 0.0, "percent_covered_display": "0", "missing_lines": 9, "excluded_lines": 0}, "missing_lines": [1131, 1132, 1133, 1134, 1135, 1136, 1143, 1144, 1145], "excluded_lines": []}, "by_regex_route": {"executed_lines": [], "summary": {"covered_lines": 0, "num_statements": 20, "percent_covered": 0.0, "percent_covered_display": "0", "missing_lines": 20, "excluded_lines": 0}, "missing_lines": [1150, 1151, 1152, 1153, 1154, 1155, 1156, 1157, 1158, 1159, 1160, 1161, 1162, 1163, 1164, 1165, 1166, 1173, 1174, 1175], "excluded_lines": []}, "audit_route": {"executed_lines": [], "summary": {"covered_lines": 0, "num_statements": 7, "percent_covered": 0.0, "percent_covered_display": "0", "missing_lines": 7, "excluded_lines": 0}, "missing_lines": [1182, 1183, 1184, 1185, 1186, 1187, 1188], "excluded_lines": []}, "tracks_route": {"executed_lines": [], "summary": {"covered_lines": 0, "num_statements": 1, "percent_covered": 0.0, "percent_covered_display": "0", "missing_lines": 1, "excluded_lines": 0}, "missing_lines": [1194], "excluded_lines": []}, "": {"executed_lines": [1, 3, 4, 5, 6, 7, 8, 9, 10, 11, 12, 13, 14, 15, 17, 18, 20, 21, 22, 24, 30, 31, 32, 33, 34, 35, 37, 38, 39, 40, 42, 43, 44, 45, 46, 47, 48, 54, 55, 56, 57, 58, 59, 60, 63, 66, 67, 77, 78, 79, 81, 94, 131, 132, 148, 159, 170, 173, 191, 210, 223, 265, 272, 280, 312, 320, 326, 339, 345, 351, 369, 372, 373, 379, 380, 384, 385, 425, 426, 479, 491, 492, 493, 524, 525, 526, 572, 573, 574, 586, 587, 588, 592, 593, 594, 623, 624, 625, 650, 651, 652, 666, 667, 668, 745, 746, 747, 772, 821, 822, 823, 908, 909, 910, 958, 982, 983, 984, 1057, 1058, 1059, 1070, 1071, 1128, 1129, 1130, 1147, 1148, 1149, 1179, 1180, 1181, 1192, 1193], "summary": {"covered_lines": 134, "num_statements": 136, "percent_covered": 98.52941176470588, "percent_covered_display": "99", "missing_lines": 2, "excluded_lines": 0}, "missing_lines": [374, 375], "excluded_lines": []}}, "classes": {"ArtifactMetadata": {"executed_lines": [], "summary": {"covered_lines": 0, "num_statements": 0, "percent_covered": 100.0, "percent_covered_display": "100", "missing_lines": 0, "excluded_lines": 0}, "missing_lines": [], "excluded_lines": []}, "Artifact": {"executed_lines": [], "summary": {"covered_lines": 0, "num_statements": 0, "percent_covered": 100.0, "percent_covered_display": "100", "missing_lines": 0, "excluded_lines": 0}, "missing_lines": [], "excluded_lines": []}, "ArtifactQuery": {"executed_lines": [], "summary": {"covered_lines": 0, "num_statements": 0, "percent_covered": 100.0, "percent_covered_display": "100", "missing_lines": 0, "excluded_lines": 0}, "missing_lines": [], "excluded_lines": []}, "": {"executed_lines": [1, 3, 4, 5, 6, 7, 8, 9, 10, 11, 12, 13, 14, 15, 17, 18, 20, 21, 22, 24, 30, 31, 32, 33, 34, 35, 37, 38, 39, 40, 42, 43, 44, 45, 46, 47, 48, 54, 55, 56, 57, 58, 59, 60, 63, 66, 67, 77, 78, 79, 81, 83, 84, 88, 89, 90, 94, 96, 97, 131, 132, 133, 134, 135, 136, 137, 138, 139, 140, 141, 143, 144, 146, 148, 149, 150, 151, 152, 153, 159, 160, 170, 171, 173, 174, 175, 176, 181, 182, 183, 185, 186, 189, 191, 192, 193, 194, 195, 206, 207, 208, 210, 223, 224, 225, 226, 227, 228, 229, 244, 245, 246, 247, 248, 255, 256, 259, 260, 261, 263, 265, 266, 267, 268, 269, 270, 272, 273, 274, 275, 276, 277, 280, 282, 283, 284, 291, 293, 294, 295, 296, 297, 312, 320, 321, 322, 323, 324, 326, 327, 328, 329, 330, 331, 339, 345, 346, 348, 349, 351, 352, 353, 354, 355, 356, 357, 358, 369, 372, 373, 379, 380, 382, 384, 385, 425, 426, 479, 491, 492, 493, 494, 524, 525, 526, 527, 572, 573, 574, 586, 587, 588, 592, 593, 594, 595, 623, 624, 625, 650, 651, 652, 653, 666, 667, 668, 669, 745, 746, 747, 772, 821, 822, 823, 908, 909, 910, 958, 959, 960, 961, 962, 963, 964, 965, 966, 967, 968, 969, 970, 971, 972, 973, 974, 975, 976, 977, 978, 982, 983, 984, 1057, 1058, 1059, 1070, 1071, 1072, 1128, 1129, 1130, 1147, 1148, 1149, 1179, 1180, 1181, 1192, 1193], "summary": {"covered_lines": 258, "num_statements": 756, "percent_covered": 34.12698412698413, "percent_covered_display": "34", "missing_lines": 498, "excluded_lines": 0}, "missing_lines": [91, 92, 98, 99, 101, 102, 103, 104, 105, 106, 108, 109, 110, 111, 120, 121, 123, 124, 125, 126, 127, 128, 129, 145, 187, 188, 196, 197, 211, 212, 213, 214, 215, 216, 217, 218, 219, 220, 221, 230, 231, 232, 243, 278, 298, 299, 301, 303, 304, 305, 306, 307, 309, 310, 313, 314, 315, 316, 317, 318, 340, 341, 342, 343, 347, 374, 375, 386, 387, 388, 389, 390, 391, 392, 393, 412, 428, 429, 431, 432, 434, 435, 436, 437, 439, 440, 441, 442, 443, 446, 447, 448, 449, 450, 451, 452, 455, 456, 457, 458, 459, 461, 462, 463, 464, 465, 467, 468, 469, 470, 473, 474, 475, 480, 481, 487, 495, 496, 498, 499, 500, 502, 504, 505, 507, 508, 509, 518, 519, 520, 529, 530, 531, 533, 535, 536, 537, 538, 539, 540, 541, 542, 543, 544, 546, 547, 549, 550, 551, 552, 554, 556, 565, 566, 567, 568, 575, 576, 577, 578, 580, 581, 582, 583, 590, 596, 597, 598, 599, 600, 601, 602, 603, 604, 605, 606, 607, 608, 610, 619, 620, 621, 626, 627, 628, 630, 631, 632, 633, 634, 635, 636, 637, 638, 639, 640, 641, 642, 643, 644, 645, 646, 654, 655, 656, 657, 664, 670, 671, 672, 673, 674, 676, 677, 678, 680, 681, 682, 685, 686, 687, 688, 691, 699, 700, 701, 702, 703, 704, 705, 706, 707, 708, 709, 716, 717, 718, 719, 720, 721, 722, 723, 724, 730, 739, 740, 741, 748, 749, 750, 751, 752, 753, 754, 755, 756, 757, 759, 760, 761, 762, 763, 764, 765, 766, 767, 768, 769, 770, 773, 774, 776, 777, 778, 779, 780, 781, 783, 790, 824, 825, 826, 827, 828, 829, 830, 831, 832, 833, 834, 835, 836, 837, 838, 839, 845, 846, 847, 848, 849, 850, 851, 852, 853, 854, 855, 856, 862, 863, 864, 865, 866, 868, 869, 870, 871, 872, 873, 875, 877, 878, 885, 886, 887, 889, 890, 891, 892, 893, 894, 895, 896, 898, 904, 905, 906, 911, 912, 914, 915, 916, 917, 918, 920, 921, 923, 924, 926, 927, 928, 929, 930, 931, 935, 936, 937, 938, 939, 940, 941, 942, 943, 944, 945, 946, 947, 949, 950, 951, 952, 953, 954, 955, 956, 985, 986, 987, 988, 989, 990, 991, 992, 993, 994, 995, 996, 997, 998, 999, 1000, 1001, 1002, 1003, 1004, 1005, 1007, 1008, 1009, 1014, 1015, 1016, 1017, 1018, 1019, 1020, 1021, 1022, 1023, 1024, 1025, 1026, 1027, 1028, 1029, 1030, 1037, 1038, 1045, 1053, 1060, 1061, 1062, 1063, 1064, 1066, 1075, 1076, 1077, 1078, 1079, 1080, 1083, 1084, 1085, 1088, 1090, 1091, 1094, 1095, 1096, 1097, 1100, 1101, 1102, 1103, 1104, 1105, 1107, 1108, 1109, 1110, 1111, 1112, 1113, 1116, 1117, 1119, 1120, 1121, 1122, 1124, 1131, 1132, 1133, 1134, 1135, 1136, 1143, 1144, 1145, 1150, 1151, 1152, 1153, 1154, 1155, 1156, 1157, 1158, 1159, 1160, 1161, 1162, 1163, 1164, 1165, 1166, 1173, 1174, 1175, 1182, 1183, 1184, 1185, 1186, 1187, 1188, 1194], "excluded_lines": []}}}, "app\\db_adapter.py": {"executed_lines": [1, 8, 9, 10, 11, 12, 14, 17, 18, 19, 22, 23, 25, 26, 27, 29, 30, 31, 32, 38, 39, 41, 42, 43, 45, 47, 49, 51, 53, 55, 56, 57, 58, 59, 61, 62, 64, 88, 89, 90, 91, 92, 93, 94, 95, 96, 97, 100, 101, 102, 104, 106, 108, 109, 111, 117, 118, 119, 120, 121, 122, 123, 125, 127, 129, 130, 131, 133, 140, 142, 143, 144, 145, 146, 147, 148, 154, 160, 162, 163, 164, 165, 174, 175, 185, 192, 196, 197, 199, 200, 201, 202, 203, 204, 209, 211, 212, 230, 235, 236, 237, 241, 243, 244, 246, 250, 251, 252, 257, 259, 261, 262, 264, 265, 266, 267, 268, 273, 276, 277, 279, 280, 281, 283, 285, 286, 287, 294, 295, 296, 298, 300, 302, 303, 304, 305, 306, 307, 308, 310, 312, 314, 315, 316, 320, 321, 322, 327, 330, 331, 333, 334, 335, 337, 339, 340, 341, 344, 345, 346, 347, 348, 349, 351, 353, 355, 356, 357, 365, 366, 367, 369, 371, 373, 374, 375, 379, 380, 381, 386], "summary": {"covered_lines": 176, "num_statements": 200, "percent_covered": 88.0, "percent_covered_display": "88", "missing_lines": 24, "excluded_lines": 0}, "missing_lines": [33, 34, 35, 176, 177, 178, 213, 214, 217, 222, 223, 226, 253, 254, 255, 269, 270, 271, 323, 324, 325, 382, 383, 384], "excluded_lines": [], "functions": {"ArtifactStore.__init__": {"executed_lines": [42, 43], "summary": {"covered_lines": 2, "num_statements": 2, "percent_covered": 100.0, "percent_covered_display": "100", "missing_lines": 0, "excluded_lines": 0}, "missing_lines": [], "excluded_lines": []}, "ArtifactStore._make_pk": {"executed_lines": [47], "summary": {"covered_lines": 1, "num_statements": 1, "percent_covered": 100.0, "percent_covered_display": "100", "missing_lines": 0, "excluded_lines": 0}, "missing_lines": [], "excluded_lines": []}, "ArtifactStore._make_sk": {"executed_lines": [51], "summary": {"covered_lines": 1, "num_statements": 1, "percent_covered": 100.0, "percent_covered_display": "100", "missing_lines": 0, "excluded_lines": 0}, "missing_lines": [], "excluded_lines": []}, "ArtifactStore.save": {"executed_lines": [55, 56, 57, 58, 59, 61, 62, 64, 88, 89, 90, 91, 92, 93, 94, 95, 96, 97, 100, 101, 102, 104], "summary": {"covered_lines": 22, "num_statements": 22, "percent_covered": 100.0, "percent_covered_display": "100", "missing_lines": 0, "excluded_lines": 0}, "missing_lines": [], "excluded_lines": []}, "ArtifactStore.get": {"executed_lines": [108, 109, 111, 117, 118, 119, 120, 121, 122, 123, 125], "summary": {"covered_lines": 11, "num_statements": 11, "percent_covered": 100.0, "percent_covered_display": "100", "missing_lines": 0, "excluded_lines": 0}, "missing_lines": [], "excluded_lines": []}, "ArtifactStore.list_all": {"executed_lines": [129, 130, 131, 133, 140, 142, 143, 144, 145, 146, 147, 148, 154], "summary": {"covered_lines": 13, "num_statements": 13, "percent_covered": 100.0, "percent_covered_display": "100", "missing_lines": 0, "excluded_lines": 0}, "missing_lines": [], "excluded_lines": []}, "ArtifactStore.list_by_status": {"executed_lines": [162, 163, 164, 165, 174, 175, 185], "summary": {"covered_lines": 7, "num_statements": 10, "percent_covered": 70.0, "percent_covered_display": "70", "missing_lines": 3, "excluded_lines": 0}, "missing_lines": [176, 177, 178], "excluded_lines": []}, "ArtifactStore.list_by_min_trust_score": {"executed_lines": [196, 197, 199, 200, 201, 202, 203, 204, 209, 211, 212, 230, 235, 236, 237], "summary": {"covered_lines": 15, "num_statements": 21, "percent_covered": 71.42857142857143, "percent_covered_display": "71", "missing_lines": 6, "excluded_lines": 0}, "missing_lines": [213, 214, 217, 222, 223, 226], "excluded_lines": []}, "ArtifactStore.delete": {"executed_lines": [243, 244, 246, 250, 251, 252, 257], "summary": {"covered_lines": 7, "num_statements": 10, "percent_covered": 70.0, "percent_covered_display": "70", "missing_lines": 3, "excluded_lines": 0}, "missing_lines": [253, 254, 255], "excluded_lines": []}, "ArtifactStore.clear": {"executed_lines": [261, 262, 264, 265, 266, 267, 268, 273], "summary": {"covered_lines": 8, "num_statements": 11, "percent_covered": 72.72727272727273, "percent_covered_display": "73", "missing_lines": 3, "excluded_lines": 0}, "missing_lines": [269, 270, 271], "excluded_lines": []}, "TokenStore.__init__": {"executed_lines": [280, 281], "summary": {"covered_lines": 2, "num_statements": 2, "percent_covered": 100.0, "percent_covered_display": "100", "missing_lines": 0, "excluded_lines": 0}, "missing_lines": [], "excluded_lines": []}, "TokenStore.add": {"executed_lines": [285, 286, 287, 294, 295, 296, 298], "summary": {"covered_lines": 7, "num_statements": 7, "percent_covered": 100.0, "percent_covered_display": "100", "missing_lines": 0, "excluded_lines": 0}, "missing_lines": [], "excluded_lines": []}, "TokenStore.contains": {"executed_lines": [302, 303, 304, 305, 306, 307, 308, 310], "summary": {"covered_lines": 8, "num_statements": 8, "percent_covered": 100.0, "percent_covered_display": "100", "missing_lines": 0, "excluded_lines": 0}, "missing_lines": [], "excluded_lines": []}, "TokenStore.clear": {"executed_lines": [314, 315, 316, 320, 321, 322, 327], "summary": {"covered_lines": 7, "num_statements": 10, "percent_covered": 70.0, "percent_covered_display": "70", "missing_lines": 3, "excluded_lines": 0}, "missing_lines": [323, 324, 325], "excluded_lines": []}, "RatingsCache.__init__": {"executed_lines": [334, 335], "summary": {"covered_lines": 2, "num_statements": 2, "percent_covered": 100.0, "percent_covered_display": "100", "missing_lines": 0, "excluded_lines": 0}, "missing_lines": [], "excluded_lines": []}, "RatingsCache.get": {"executed_lines": [339, 340, 341, 344, 345, 346, 347, 348, 349, 351], "summary": {"covered_lines": 10, "num_statements": 10, "percent_covered": 100.0, "percent_covered_display": "100", "missing_lines": 0, "excluded_lines": 0}, "missing_lines": [], "excluded_lines": []}, "RatingsCache.set": {"executed_lines": [355, 356, 357, 365, 366, 367, 369], "summary": {"covered_lines": 7, "num_statements": 7, "percent_covered": 100.0, "percent_covered_display": "100", "missing_lines": 0, "excluded_lines": 0}, "missing_lines": [], "excluded_lines": []}, "RatingsCache.clear": {"executed_lines": [373, 374, 375, 379, 380, 381, 386], "summary": {"covered_lines": 7, "num_statements": 10, "percent_covered": 70.0, "percent_covered_display": "70", "missing_lines": 3, "excluded_lines": 0}, "missing_lines": [382, 383, 384], "excluded_lines": []}, "": {"executed_lines": [1, 8, 9, 10, 11, 12, 14, 17, 18, 19, 22, 23, 25, 26, 27, 29, 30, 31, 32, 38, 39, 41, 45, 49, 53, 106, 127, 160, 192, 241, 259, 276, 277, 279, 283, 300, 312, 330, 331, 333, 337, 353, 371], "summary": {"covered_lines": 39, "num_statements": 42, "percent_covered": 92.85714285714286, "percent_covered_display": "93", "missing_lines": 3, "excluded_lines": 0}, "missing_lines": [33, 34, 35], "excluded_lines": []}}, "classes": {"ArtifactStore": {"executed_lines": [42, 43, 47, 51, 55, 56, 57, 58, 59, 61, 62, 64, 88, 89, 90, 91, 92, 93, 94, 95, 96, 97, 100, 101, 102, 104, 108, 109, 111, 117, 118, 119, 120, 121, 122, 123, 125, 129, 130, 131, 133, 140, 142, 143, 144, 145, 146, 147, 148, 154, 162, 163, 164, 165, 174, 175, 185, 196, 197, 199, 200, 201, 202, 203, 204, 209, 211, 212, 230, 235, 236, 237, 243, 244, 246, 250, 251, 252, 257, 261, 262, 264, 265, 266, 267, 268, 273], "summary": {"covered_lines": 87, "num_statements": 102, "percent_covered": 85.29411764705883, "percent_covered_display": "85", "missing_lines": 15, "excluded_lines": 0}, "missing_lines": [176, 177, 178, 213, 214, 217, 222, 223, 226, 253, 254, 255, 269, 270, 271], "excluded_lines": []}, "TokenStore": {"executed_lines": [280, 281, 285, 286, 287, 294, 295, 296, 298, 302, 303, 304, 305, 306, 307, 308, 310, 314, 315, 316, 320, 321, 322, 327], "summary": {"covered_lines": 24, "num_statements": 27, "percent_covered": 88.88888888888889, "percent_covered_display": "89", "missing_lines": 3, "excluded_lines": 0}, "missing_lines": [323, 324, 325], "excluded_lines": []}, "RatingsCache": {"executed_lines": [334, 335, 339, 340, 341, 344, 345, 346, 347, 348, 349, 351, 355, 356, 357, 365, 366, 367, 369, 373, 374, 375, 379, 380, 381, 386], "summary": {"covered_lines": 26, "num_statements": 29, "percent_covered": 89.65517241379311, "percent_covered_display": "90", "missing_lines": 3, "excluded_lines": 0}, "missing_lines": [382, 383, 384], "excluded_lines": []}, "": {"executed_lines": [1, 8, 9, 10, 11, 12, 14, 17, 18, 19, 22, 23, 25, 26, 27, 29, 30, 31, 32, 38, 39, 41, 45, 49, 53, 106, 127, 160, 192, 241, 259, 276, 277, 279, 283, 300, 312, 330, 331, 333, 337, 353, 371], "summary": {"covered_lines": 39, "num_statements": 42, "percent_covered": 92.85714285714286, "percent_covered_display": "93", "missing_lines": 3, "excluded_lines": 0}, "missing_lines": [33, 34, 35], "excluded_lines": []}}}, "app\\lambda_handler.py": {"executed_lines": [1, 2, 4], "summary": {"covered_lines": 3, "num_statements": 16, "percent_covered": 18.75, "percent_covered_display": "19", "missing_lines": 13, "excluded_lines": 0}, "missing_lines": [5, 7, 8, 9, 12, 19, 21, 22, 32, 35, 37, 39, 40], "excluded_lines": [], "functions": {"_transform_lambda_function_url_event": {"executed_lines": [], "summary": {"covered_lines": 0, "num_statements": 4, "percent_covered": 0.0, "percent_covered_display": "0", "missing_lines": 4, "excluded_lines": 0}, "missing_lines": [19, 21, 22, 32], "excluded_lines": []}, "handler": {"executed_lines": [], "summary": {"covered_lines": 0, "num_statements": 3, "percent_covered": 0.0, "percent_covered_display": "0", "missing_lines": 3, "excluded_lines": 0}, "missing_lines": [37, 39, 40], "excluded_lines": []}, "": {"executed_lines": [1, 2, 4], "summary": {"covered_lines": 3, "num_statements": 9, "percent_covered": 33.333333333333336, "percent_covered_display": "33", "missing_lines": 6, "excluded_lines": 0}, "missing_lines": [5, 7, 8, 9, 12, 35], "excluded_lines": []}}, "classes": {"": {"executed_lines": [1, 2, 4], "summary": {"covered_lines": 3, "num_statements": 16, "percent_covered": 18.75, "percent_covered_display": "19", "missing_lines": 13, "excluded_lines": 0}, "missing_lines": [5, 7, 8, 9, 12, 19, 21, 22, 32, 35, 37, 39, 40], "excluded_lines": []}}}, "app\\s3_adapter.py": {"executed_lines": [1, 19, 21, 22, 23, 25, 27, 28, 29, 30, 31, 32, 33, 35, 37, 38, 39, 40, 42, 43, 44, 45, 46, 49, 50, 51, 52, 53, 55, 56, 57, 58, 59, 61, 67, 68, 69, 70, 71, 76, 77, 78, 79, 80, 81, 82, 83, 84, 85, 86, 87, 89, 94, 95, 96, 105, 106, 107, 115, 118, 119, 120, 121, 122, 123, 124, 125, 129, 131, 134, 135, 136, 137, 138, 139, 145, 146, 147, 148, 149, 150, 151, 152, 153, 154], "summary": {"covered_lines": 84, "num_statements": 86, "percent_covered": 97.67441860465117, "percent_covered_display": "98", "missing_lines": 2, "excluded_lines": 0}, "missing_lines": [97, 98], "excluded_lines": [], "functions": {"S3Storage.__init__": {"executed_lines": [51, 52, 53], "summary": {"covered_lines": 3, "num_statements": 3, "percent_covered": 100.0, "percent_covered_display": "100", "missing_lines": 0, "excluded_lines": 0}, "missing_lines": [], "excluded_lines": []}, "S3Storage._key": {"executed_lines": [56, 57, 58, 59], "summary": {"covered_lines": 4, "num_statements": 4, "percent_covered": 100.0, "percent_covered_display": "100", "missing_lines": 0, "excluded_lines": 0}, "missing_lines": [], "excluded_lines": []}, "S3Storage.put_file": {"executed_lines": [67, 68, 69, 70, 71, 76, 77, 78, 79, 80, 81, 82, 83, 84, 85, 86, 87, 89, 94, 95, 96, 105, 106, 107], "summary": {"covered_lines": 24, "num_statements": 26, "percent_covered": 92.3076923076923, "percent_covered_display": "92", "missing_lines": 2, "excluded_lines": 0}, "missing_lines": [97, 98], "excluded_lines": []}, "S3Storage.get_object": {"executed_lines": [118, 119, 120, 121, 122, 123, 124, 125, 129], "summary": {"covered_lines": 9, "num_statements": 9, "percent_covered": 100.0, "percent_covered_display": "100", "missing_lines": 0, "excluded_lines": 0}, "missing_lines": [], "excluded_lines": []}, "S3Storage.generate_presigned_url": {"executed_lines": [134, 135, 136, 137, 138, 139], "summary": {"covered_lines": 6, "num_statements": 6, "percent_covered": 100.0, "percent_covered_display": "100", "missing_lines": 0, "excluded_lines": 0}, "missing_lines": [], "excluded_lines": []}, "S3Storage.delete_object": {"executed_lines": [146, 147, 148, 149, 150, 151, 152, 153, 154], "summary": {"covered_lines": 9, "num_statements": 9, "percent_covered": 100.0, "percent_covered_display": "100", "missing_lines": 0, "excluded_lines": 0}, "missing_lines": [], "excluded_lines": []}, "": {"executed_lines": [1, 19, 21, 22, 23, 25, 27, 28, 29, 30, 31, 32, 33, 35, 37, 38, 39, 40, 42, 43, 44, 45, 46, 49, 50, 55, 61, 115, 131, 145], "summary": {"covered_lines": 29, "num_statements": 29, "percent_covered": 100.0, "percent_covered_display": "100", "missing_lines": 0, "excluded_lines": 0}, "missing_lines": [], "excluded_lines": []}}, "classes": {"S3Storage": {"executed_lines": [51, 52, 53, 56, 57, 58, 59, 67, 68, 69, 70, 71, 76, 77, 78, 79, 80, 81, 82, 83, 84, 85, 86, 87, 89, 94, 95, 96, 105, 106, 107, 118, 119, 120, 121, 122, 123, 124, 125, 129, 134, 135, 136, 137, 138, 139, 146, 147, 148, 149, 150, 151, 152, 153, 154], "summary": {"covered_lines": 55, "num_statements": 57, "percent_covered": 96.49122807017544, "percent_covered_display": "96", "missing_lines": 2, "excluded_lines": 0}, "missing_lines": [97, 98], "excluded_lines": []}, "": {"executed_lines": [1, 19, 21, 22, 23, 25, 27, 28, 29, 30, 31, 32, 33, 35, 37, 38, 39, 40, 42, 43, 44, 45, 46, 49, 50, 55, 61, 115, 131, 145], "summary": {"covered_lines": 29, "num_statements": 29, "percent_covered": 100.0, "percent_covered_display": "100", "missing_lines": 0, "excluded_lines": 0}, "missing_lines": [], "excluded_lines": []}}}, "app\\scoring.py": {"executed_lines": [1, 2, 3, 4, 5, 6, 7, 8, 10, 12, 15, 16, 17, 18, 19, 20, 21, 24, 25, 26, 27, 28, 29, 30, 31, 33, 34, 37, 38, 47, 48, 51, 57, 58, 70, 84, 89, 90, 91, 92, 93, 94, 95, 96, 97, 99, 104, 107, 108, 109, 110, 111, 112, 114, 119, 120, 122, 131, 132, 133, 135, 136, 137, 138, 140, 141, 144, 146, 151, 153, 154, 161, 162, 163, 168, 169], "summary": {"covered_lines": 76, "num_statements": 76, "percent_covered": 100.0, "percent_covered_display": "100", "missing_lines": 0, "excluded_lines": 0}, "missing_lines": [], "excluded_lines": [], "functions": {"_run_async": {"executed_lines": [25, 26, 27, 28, 29, 30, 31, 33, 34], "summary": {"covered_lines": 9, "num_statements": 9, "percent_covered": 100.0, "percent_covered_display": "100", "missing_lines": 0, "excluded_lines": 0}, "missing_lines": [], "excluded_lines": []}, "_calculate_net_score": {"executed_lines": [38, 47, 48], "summary": {"covered_lines": 3, "num_statements": 3, "percent_covered": 100.0, "percent_covered_display": "100", "missing_lines": 0, "excluded_lines": 0}, "missing_lines": [], "excluded_lines": []}, "_build_model_rating": {"executed_lines": [57, 58, 70, 84, 89, 90, 91, 92, 93, 94, 95, 96, 97, 99, 104, 107, 108, 109, 110, 111, 112, 114, 119, 120, 122], "summary": {"covered_lines": 25, "num_statements": 25, "percent_covered": 100.0, "percent_covered_display": "100", "missing_lines": 0, "excluded_lines": 0}, "missing_lines": [], "excluded_lines": []}, "_score_artifact_with_metrics": {"executed_lines": [132, 133, 135, 136, 137, 138, 140, 141, 144, 146, 151, 153, 161, 162, 163], "summary": {"covered_lines": 15, "num_statements": 15, "percent_covered": 100.0, "percent_covered_display": "100", "missing_lines": 0, "excluded_lines": 0}, "missing_lines": [], "excluded_lines": []}, "_score_artifact_with_metrics._collect": {"executed_lines": [154], "summary": {"covered_lines": 1, "num_statements": 1, "percent_covered": 100.0, "percent_covered_display": "100", "missing_lines": 0, "excluded_lines": 0}, "missing_lines": [], "excluded_lines": []}, "": {"executed_lines": [1, 2, 3, 4, 5, 6, 7, 8, 10, 12, 15, 16, 17, 18, 19, 20, 21, 24, 37, 51, 131, 168, 169], "summary": {"covered_lines": 23, "num_statements": 23, "percent_covered": 100.0, "percent_covered_display": "100", "missing_lines": 0, "excluded_lines": 0}, "missing_lines": [], "excluded_lines": []}}, "classes": {"ModelRating": {"executed_lines": [], "summary": {"covered_lines": 0, "num_statements": 0, "percent_covered": 100.0, "percent_covered_display": "100", "missing_lines": 0, "excluded_lines": 0}, "missing_lines": [], "excluded_lines": []}, "": {"executed_lines": [1, 2, 3, 4, 5, 6, 7, 8, 10, 12, 15, 16, 17, 18, 19, 20, 21, 24, 25, 26, 27, 28, 29, 30, 31, 33, 34, 37, 38, 47, 48, 51, 57, 58, 70, 84, 89, 90, 91, 92, 93, 94, 95, 96, 97, 99, 104, 107, 108, 109, 110, 111, 112, 114, 119, 120, 122, 131, 132, 133, 135, 136, 137, 138, 140, 141, 144, 146, 151, 153, 154, 161, 162, 163, 168, 169], "summary": {"covered_lines": 76, "num_statements": 76, "percent_covered": 100.0, "percent_covered_display": "100", "missing_lines": 0, "excluded_lines": 0}, "missing_lines": [], "excluded_lines": []}}}, "app\\secrets_loader.py": {"executed_lines": [1, 12, 14, 15, 16, 18, 19, 20, 27, 28, 29, 30, 32, 36, 37, 39, 40, 41, 65, 66], "summary": {"covered_lines": 19, "num_statements": 40, "percent_covered": 47.5, "percent_covered_display": "48", "missing_lines": 21, "excluded_lines": 4}, "missing_lines": [33, 34, 38, 43, 44, 45, 46, 48, 49, 50, 51, 52, 53, 55, 56, 58, 59, 60, 61, 67, 68], "excluded_lines": [21, 22, 23, 24], "functions": {"load_registry_secrets": {"executed_lines": [28, 29, 30, 32, 36, 37, 39, 40, 41], "summary": {"covered_lines": 9, "num_statements": 28, "percent_covered": 32.142857142857146, "percent_covered_display": "32", "missing_lines": 19, "excluded_lines": 0}, "missing_lines": [33, 34, 38, 43, 44, 45, 46, 48, 49, 50, 51, 52, 53, 55, 56, 58, 59, 60, 61], "excluded_lines": []}, "": {"executed_lines": [1, 12, 14, 15, 16, 18, 19, 20, 27, 65, 66], "summary": {"covered_lines": 10, "num_statements": 12, "percent_covered": 83.33333333333333, "percent_covered_display": "83", "missing_lines": 2, "excluded_lines": 4}, "missing_lines": [67, 68], "excluded_lines": [21, 22, 23, 24]}}, "classes": {"": {"executed_lines": [1, 12, 14, 15, 16, 18, 19, 20, 27, 28, 29, 30, 32, 36, 37, 39, 40, 41, 65, 66], "summary": {"covered_lines": 19, "num_statements": 40, "percent_covered": 47.5, "percent_covered_display": "48", "missing_lines": 21, "excluded_lines": 4}, "missing_lines": [33, 34, 38, 43, 44, 45, 46, 48, 49, 50, 51, 52, 53, 55, 56, 58, 59, 60, 61, 67, 68], "excluded_lines": [21, 22, 23, 24]}}}, "src\\__init__.py": {"executed_lines": [0], "summary": {"covered_lines": 0, "num_statements": 0, "percent_covered": 100.0, "percent_covered_display": "100", "missing_lines": 0, "excluded_lines": 0}, "missing_lines": [], "excluded_lines": [], "functions": {"": {"executed_lines": [], "summary": {"covered_lines": 0, "num_statements": 0, "percent_covered": 100.0, "percent_covered_display": "100", "missing_lines": 0, "excluded_lines": 0}, "missing_lines": [], "excluded_lines": []}}, "classes": {"": {"executed_lines": [], "summary": {"covered_lines": 0, "num_statements": 0, "percent_covered": 100.0, "percent_covered_display": "100", "missing_lines": 0, "excluded_lines": 0}, "missing_lines": [], "excluded_lines": []}}}, "src\\api\\__init__.py": {"executed_lines": [0], "summary": {"covered_lines": 0, "num_statements": 0, "percent_covered": 100.0, "percent_covered_display": "100", "missing_lines": 0, "excluded_lines": 0}, "missing_lines": [], "excluded_lines": [], "functions": {"": {"executed_lines": [], "summary": {"covered_lines": 0, "num_statements": 0, "percent_covered": 100.0, "percent_covered_display": "100", "missing_lines": 0, "excluded_lines": 0}, "missing_lines": [], "excluded_lines": []}}, "classes": {"": {"executed_lines": [], "summary": {"covered_lines": 0, "num_statements": 0, "percent_covered": 100.0, "percent_covered_display": "100", "missing_lines": 0, "excluded_lines": 0}, "missing_lines": [], "excluded_lines": []}}}, "src\\api\\bedrock_client.py": {"executed_lines": [1, 2, 3, 4, 6, 9, 10, 20, 21, 22, 24, 26, 28, 34, 35, 36, 38, 39, 40, 41, 42, 44, 45, 46, 47, 48, 49, 50, 54, 55, 56, 57, 58, 59, 60, 61, 62, 64, 66, 67, 68, 69, 70, 71, 72, 73, 74, 75, 76, 77, 78], "summary": {"covered_lines": 50, "num_statements": 50, "percent_covered": 100.0, "percent_covered_display": "100", "missing_lines": 0, "excluded_lines": 0}, "missing_lines": [], "excluded_lines": [], "functions": {"BedrockClient.__init__": {"executed_lines": [21, 22, 24], "summary": {"covered_lines": 3, "num_statements": 3, "percent_covered": 100.0, "percent_covered_display": "100", "missing_lines": 0, "excluded_lines": 0}, "missing_lines": [], "excluded_lines": []}, "BedrockClient._invoke_sync": {"executed_lines": [28, 34, 35, 36, 38, 39, 40, 41, 42], "summary": {"covered_lines": 9, "num_statements": 9, "percent_covered": 100.0, "percent_covered_display": "100", "missing_lines": 0, "excluded_lines": 0}, "missing_lines": [], "excluded_lines": []}, "BedrockClient.chat": {"executed_lines": [45, 46, 47, 48, 49, 50], "summary": {"covered_lines": 6, "num_statements": 6, "percent_covered": 100.0, "percent_covered_display": "100", "missing_lines": 0, "excluded_lines": 0}, "missing_lines": [], "excluded_lines": []}, "BedrockClient.get_performance_claims": {"executed_lines": [55, 56, 57, 58, 59, 60, 61, 62, 64], "summary": {"covered_lines": 9, "num_statements": 9, "percent_covered": 100.0, "percent_covered_display": "100", "missing_lines": 0, "excluded_lines": 0}, "missing_lines": [], "excluded_lines": []}, "BedrockClient.get_readme_clarity": {"executed_lines": [67, 68, 69, 70, 71, 72, 73, 74, 75, 76, 77, 78], "summary": {"covered_lines": 12, "num_statements": 12, "percent_covered": 100.0, "percent_covered_display": "100", "missing_lines": 0, "excluded_lines": 0}, "missing_lines": [], "excluded_lines": []}, "": {"executed_lines": [1, 2, 3, 4, 6, 9, 10, 20, 26, 44, 54, 66], "summary": {"covered_lines": 11, "num_statements": 11, "percent_covered": 100.0, "percent_covered_display": "100", "missing_lines": 0, "excluded_lines": 0}, "missing_lines": [], "excluded_lines": []}}, "classes": {"BedrockClient": {"executed_lines": [21, 22, 24, 28, 34, 35, 36, 38, 39, 40, 41, 42, 45, 46, 47, 48, 49, 50, 55, 56, 57, 58, 59, 60, 61, 62, 64, 67, 68, 69, 70, 71, 72, 73, 74, 75, 76, 77, 78], "summary": {"covered_lines": 39, "num_statements": 39, "percent_covered": 100.0, "percent_covered_display": "100", "missing_lines": 0, "excluded_lines": 0}, "missing_lines": [], "excluded_lines": []}, "": {"executed_lines": [1, 2, 3, 4, 6, 9, 10, 20, 26, 44, 54, 66], "summary": {"covered_lines": 11, "num_statements": 11, "percent_covered": 100.0, "percent_covered_display": "100", "missing_lines": 0, "excluded_lines": 0}, "missing_lines": [], "excluded_lines": []}}}, "src\\api\\gen_ai_client.py": {"executed_lines": [1, 2, 3, 4, 5, 6, 7, 8, 10, 12, 13, 16, 17, 19, 20, 21, 22, 23, 24, 25, 31, 32, 33, 38, 41, 42, 52, 54, 58, 59, 61, 66, 67, 68, 70, 71, 72, 73, 74, 75, 76, 77, 78, 79, 80, 83, 84, 85, 86, 87, 90, 91, 92, 93, 94, 95, 96, 99, 100, 102, 103, 106, 107, 111, 112, 114, 115, 118, 120, 125, 126, 127, 130, 133, 134, 135, 136, 137, 138, 139, 140, 143, 144, 145, 146, 147, 149, 150, 154, 155, 157, 158, 159, 160, 161, 162, 165, 168, 169, 170, 171, 173, 174, 175, 176, 177, 181, 182, 183, 184, 185, 189, 190, 192, 193, 194, 195, 196, 197, 198, 199, 200, 201, 203, 206], "summary": {"covered_lines": 125, "num_statements": 146, "percent_covered": 85.61643835616438, "percent_covered_display": "86", "missing_lines": 21, "excluded_lines": 0}, "missing_lines": [43, 44, 46, 47, 48, 55, 104, 108, 151, 178, 179, 186, 187, 208, 209, 210, 216, 218, 220, 221, 223], "excluded_lines": [], "functions": {"GenAIClient.__init__": {"executed_lines": [19, 20, 21, 22, 23, 24, 25, 31, 32, 33, 38, 41, 42], "summary": {"covered_lines": 13, "num_statements": 18, "percent_covered": 72.22222222222223, "percent_covered_display": "72", "missing_lines": 5, "excluded_lines": 0}, "missing_lines": [43, 44, 46, 47, 48], "excluded_lines": []}, "GenAIClient.chat": {"executed_lines": [54, 58, 59, 61, 66, 67, 68, 70, 71, 72, 73, 74, 75, 76, 77, 78, 79, 80, 83, 84, 85, 86, 87, 90, 91, 92, 93, 94, 95, 96, 99, 100, 102, 103], "summary": {"covered_lines": 34, "num_statements": 36, "percent_covered": 94.44444444444444, "percent_covered_display": "94", "missing_lines": 2, "excluded_lines": 0}, "missing_lines": [55, 104], "excluded_lines": []}, "GenAIClient.get_performance_claims": {"executed_lines": [107, 111, 112, 114, 115, 118, 120, 125, 126, 127, 130, 133, 134, 135, 136, 137, 138, 139, 140, 143, 144, 145, 146, 147], "summary": {"covered_lines": 24, "num_statements": 25, "percent_covered": 96.0, "percent_covered_display": "96", "missing_lines": 1, "excluded_lines": 0}, "missing_lines": [108], "excluded_lines": []}, "GenAIClient.get_readme_clarity": {"executed_lines": [150, 154, 155, 157, 158, 159, 160, 161, 162, 165, 168, 169, 170, 171, 173, 174, 175, 176, 177, 181, 182, 183, 184, 185, 189, 190], "summary": {"covered_lines": 26, "num_statements": 31, "percent_covered": 83.87096774193549, "percent_covered_display": "84", "missing_lines": 5, "excluded_lines": 0}, "missing_lines": [151, 178, 179, 186, 187], "excluded_lines": []}, "GenAIClient._read_prompt": {"executed_lines": [194, 195, 196, 197, 198, 199, 200, 201], "summary": {"covered_lines": 8, "num_statements": 8, "percent_covered": 100.0, "percent_covered_display": "100", "missing_lines": 0, "excluded_lines": 0}, "missing_lines": [], "excluded_lines": []}, "main": {"executed_lines": [], "summary": {"covered_lines": 0, "num_statements": 6, "percent_covered": 0.0, "percent_covered_display": "0", "missing_lines": 6, "excluded_lines": 0}, "missing_lines": [209, 210, 216, 218, 220, 221], "excluded_lines": []}, "": {"executed_lines": [1, 2, 3, 4, 5, 6, 7, 8, 10, 12, 13, 16, 17, 52, 106, 149, 192, 193, 203, 206], "summary": {"covered_lines": 20, "num_statements": 22, "percent_covered": 90.9090909090909, "percent_covered_display": "91", "missing_lines": 2, "excluded_lines": 0}, "missing_lines": [208, 223], "excluded_lines": []}}, "classes": {"GenAIClient": {"executed_lines": [19, 20, 21, 22, 23, 24, 25, 31, 32, 33, 38, 41, 42, 54, 58, 59, 61, 66, 67, 68, 70, 71, 72, 73, 74, 75, 76, 77, 78, 79, 80, 83, 84, 85, 86, 87, 90, 91, 92, 93, 94, 95, 96, 99, 100, 102, 103, 107, 111, 112, 114, 115, 118, 120, 125, 126, 127, 130, 133, 134, 135, 136, 137, 138, 139, 140, 143, 144, 145, 146, 147, 150, 154, 155, 157, 158, 159, 160, 161, 162, 165, 168, 169, 170, 171, 173, 174, 175, 176, 177, 181, 182, 183, 184, 185, 189, 190, 194, 195, 196, 197, 198, 199, 200, 201], "summary": {"covered_lines": 105, "num_statements": 118, "percent_covered": 88.98305084745763, "percent_covered_display": "89", "missing_lines": 13, "excluded_lines": 0}, "missing_lines": [43, 44, 46, 47, 48, 55, 104, 108, 151, 178, 179, 186, 187], "excluded_lines": []}, "": {"executed_lines": [1, 2, 3, 4, 5, 6, 7, 8, 10, 12, 13, 16, 17, 52, 106, 149, 192, 193, 203, 206], "summary": {"covered_lines": 20, "num_statements": 28, "percent_covered": 71.42857142857143, "percent_covered_display": "71", "missing_lines": 8, "excluded_lines": 0}, "missing_lines": [208, 209, 210, 216, 218, 220, 221, 223], "excluded_lines": []}}}, "src\\api\\git_client.py": {"executed_lines": [1, 2, 3, 4, 5, 6, 7, 8, 9, 10, 13, 14, 15, 16, 17, 20, 21, 22, 23, 24, 27, 28, 29, 30, 31, 32, 36, 37, 46, 47, 48, 49, 51, 52, 53, 68, 69, 70, 71, 79, 80, 81, 83, 84, 85, 94, 95, 96, 98, 99, 100, 103, 104, 112, 113, 114, 115, 116, 119, 120, 121, 123, 124, 129, 130, 131, 135, 136, 137, 138, 144, 145, 147, 148, 149, 150, 151, 153, 154, 157, 158, 159, 160, 161, 162, 164, 165, 166, 167, 169, 170, 171, 173, 174, 175, 176, 177, 178, 179, 180, 187, 188, 189, 190, 191, 192, 194, 195, 197, 198, 203, 215, 216, 217, 218, 219, 220, 221, 222, 223, 224, 225, 226, 227, 233, 234, 235, 237, 251, 252, 253, 254, 255, 256, 257], "summary": {"covered_lines": 135, "num_statements": 189, "percent_covered": 71.42857142857143, "percent_covered_display": "71", "missing_lines": 54, "excluded_lines": 0}, "missing_lines": [54, 55, 56, 57, 58, 59, 60, 61, 62, 63, 64, 78, 97, 101, 105, 106, 107, 108, 109, 110, 125, 132, 133, 139, 140, 141, 142, 155, 193, 199, 200, 201, 204, 205, 206, 207, 208, 209, 210, 211, 212, 213, 238, 239, 240, 241, 242, 243, 244, 245, 246, 247, 248, 249], "excluded_lines": [], "functions": {"GitClient.__init__": {"executed_lines": [29, 30, 31, 32], "summary": {"covered_lines": 4, "num_statements": 4, "percent_covered": 100.0, "percent_covered_display": "100", "missing_lines": 0, "excluded_lines": 0}, "missing_lines": [], "excluded_lines": []}, "GitClient._normalize_git_url": {"executed_lines": [37, 46, 47, 48, 49], "summary": {"covered_lines": 5, "num_statements": 5, "percent_covered": 100.0, "percent_covered_display": "100", "missing_lines": 0, "excluded_lines": 0}, "missing_lines": [], "excluded_lines": []}, "GitClient._inject_token": {"executed_lines": [52, 53], "summary": {"covered_lines": 2, "num_statements": 13, "percent_covered": 15.384615384615385, "percent_covered_display": "15", "missing_lines": 11, "excluded_lines": 0}, "missing_lines": [54, 55, 56, 57, 58, 59, 60, 61, 62, 63, 64], "excluded_lines": []}, "GitClient._clone_with_gitpython": {"executed_lines": [69, 70, 71, 79, 80, 81], "summary": {"covered_lines": 6, "num_statements": 7, "percent_covered": 85.71428571428571, "percent_covered_display": "86", "missing_lines": 1, "excluded_lines": 0}, "missing_lines": [78], "excluded_lines": []}, "GitClient._clone_with_cli": {"executed_lines": [84, 85, 94, 95, 96, 98, 99, 100, 103, 104], "summary": {"covered_lines": 10, "num_statements": 18, "percent_covered": 55.55555555555556, "percent_covered_display": "56", "missing_lines": 8, "excluded_lines": 0}, "missing_lines": [97, 101, 105, 106, 107, 108, 109, 110], "excluded_lines": []}, "GitClient.clone_repository": {"executed_lines": [113, 114, 115, 116, 119, 120, 121, 123, 124], "summary": {"covered_lines": 9, "num_statements": 10, "percent_covered": 90.0, "percent_covered_display": "90", "missing_lines": 1, "excluded_lines": 0}, "missing_lines": [125], "excluded_lines": []}, "GitClient.analyze_commits": {"executed_lines": [130, 131, 135, 136, 137, 138, 144, 145, 147, 148, 149, 150, 151, 153, 154, 157, 158, 159, 160, 161, 162], "summary": {"covered_lines": 21, "num_statements": 28, "percent_covered": 75.0, "percent_covered_display": "75", "missing_lines": 7, "excluded_lines": 0}, "missing_lines": [132, 133, 139, 140, 141, 142, 155], "excluded_lines": []}, "GitClient.analyze_code_quality": {"executed_lines": [165, 166, 167, 169, 170, 171, 173, 174, 175, 176, 177, 178, 179, 180, 187, 188, 189, 190, 191, 192, 194, 195, 197, 198], "summary": {"covered_lines": 24, "num_statements": 28, "percent_covered": 85.71428571428571, "percent_covered_display": "86", "missing_lines": 4, "excluded_lines": 0}, "missing_lines": [193, 199, 200, 201], "excluded_lines": []}, "GitClient.analyze_ramp_up_time": {"executed_lines": [], "summary": {"covered_lines": 0, "num_statements": 10, "percent_covered": 0.0, "percent_covered_display": "0", "missing_lines": 10, "excluded_lines": 0}, "missing_lines": [204, 205, 206, 207, 208, 209, 210, 211, 212, 213], "excluded_lines": []}, "GitClient.get_repository_size": {"executed_lines": [216, 217, 218, 219, 220, 221, 222, 223, 224, 225, 226, 227, 233, 234, 235], "summary": {"covered_lines": 15, "num_statements": 15, "percent_covered": 100.0, "percent_covered_display": "100", "missing_lines": 0, "excluded_lines": 0}, "missing_lines": [], "excluded_lines": []}, "GitClient.read_readme": {"executed_lines": [], "summary": {"covered_lines": 0, "num_statements": 12, "percent_covered": 0.0, "percent_covered_display": "0", "missing_lines": 12, "excluded_lines": 0}, "missing_lines": [238, 239, 240, 241, 242, 243, 244, 245, 246, 247, 248, 249], "excluded_lines": []}, "GitClient.cleanup": {"executed_lines": [252, 253, 254, 255, 256, 257], "summary": {"covered_lines": 6, "num_statements": 6, "percent_covered": 100.0, "percent_covered_display": "100", "missing_lines": 0, "excluded_lines": 0}, "missing_lines": [], "excluded_lines": []}, "": {"executed_lines": [1, 2, 3, 4, 5, 6, 7, 8, 9, 10, 13, 14, 15, 16, 17, 20, 21, 22, 23, 24, 27, 28, 36, 51, 68, 83, 112, 129, 164, 203, 215, 237, 251], "summary": {"covered_lines": 33, "num_statements": 33, "percent_covered": 100.0, "percent_covered_display": "100", "missing_lines": 0, "excluded_lines": 0}, "missing_lines": [], "excluded_lines": []}}, "classes": {"CommitStats": {"executed_lines": [], "summary": {"covered_lines": 0, "num_statements": 0, "percent_covered": 100.0, "percent_covered_display": "100", "missing_lines": 0, "excluded_lines": 0}, "missing_lines": [], "excluded_lines": []}, "CodeQualityStats": {"executed_lines": [], "summary": {"covered_lines": 0, "num_statements": 0, "percent_covered": 100.0, "percent_covered_display": "100", "missing_lines": 0, "excluded_lines": 0}, "missing_lines": [], "excluded_lines": []}, "GitClient": {"executed_lines": [29, 30, 31, 32, 37, 46, 47, 48, 49, 52, 53, 69, 70, 71, 79, 80, 81, 84, 85, 94, 95, 96, 98, 99, 100, 103, 104, 113, 114, 115, 116, 119, 120, 121, 123, 124, 130, 131, 135, 136, 137, 138, 144, 145, 147, 148, 149, 150, 151, 153, 154, 157, 158, 159, 160, 161, 162, 165, 166, 167, 169, 170, 171, 173, 174, 175, 176, 177, 178, 179, 180, 187, 188, 189, 190, 191, 192, 194, 195, 197, 198, 216, 217, 218, 219, 220, 221, 222, 223, 224, 225, 226, 227, 233, 234, 235, 252, 253, 254, 255, 256, 257], "summary": {"covered_lines": 102, "num_statements": 156, "percent_covered": 65.38461538461539, "percent_covered_display": "65", "missing_lines": 54, "excluded_lines": 0}, "missing_lines": [54, 55, 56, 57, 58, 59, 60, 61, 62, 63, 64, 78, 97, 101, 105, 106, 107, 108, 109, 110, 125, 132, 133, 139, 140, 141, 142, 155, 193, 199, 200, 201, 204, 205, 206, 207, 208, 209, 210, 211, 212, 213, 238, 239, 240, 241, 242, 243, 244, 245, 246, 247, 248, 249], "excluded_lines": []}, "": {"executed_lines": [1, 2, 3, 4, 5, 6, 7, 8, 9, 10, 13, 14, 15, 16, 17, 20, 21, 22, 23, 24, 27, 28, 36, 51, 68, 83, 112, 129, 164, 203, 215, 237, 251], "summary": {"covered_lines": 33, "num_statements": 33, "percent_covered": 100.0, "percent_covered_display": "100", "missing_lines": 0, "excluded_lines": 0}, "missing_lines": [], "excluded_lines": []}}}, "src\\api\\github_fetchers.py": {"executed_lines": [1, 3, 4, 6, 8, 10, 13, 14, 15, 16, 17, 20, 21, 22, 23, 24, 25, 26, 27, 28, 31, 36, 38, 39, 40, 42, 43, 45, 46, 47, 48, 49, 50, 53, 57, 58, 59, 60, 62, 63, 64, 65, 66, 67, 74, 77, 81, 82, 83, 84, 85, 86, 87, 88, 91, 93, 94, 95, 96, 99], "summary": {"covered_lines": 60, "num_statements": 62, "percent_covered": 96.7741935483871, "percent_covered_display": "97", "missing_lines": 2, "excluded_lines": 0}, "missing_lines": [97, 98], "excluded_lines": [], "functions": {"_headers": {"executed_lines": [14, 15, 16, 17], "summary": {"covered_lines": 4, "num_statements": 4, "percent_covered": 100.0, "percent_covered_display": "100", "missing_lines": 0, "excluded_lines": 0}, "missing_lines": [], "excluded_lines": []}, "_get": {"executed_lines": [21, 22, 23, 24, 25, 26, 27, 28], "summary": {"covered_lines": 8, "num_statements": 8, "percent_covered": 100.0, "percent_covered_display": "100", "missing_lines": 0, "excluded_lines": 0}, "missing_lines": [], "excluded_lines": []}, "fetch_repo_tree": {"executed_lines": [36, 38, 39, 40, 42, 43, 45, 46, 47, 48, 49, 50], "summary": {"covered_lines": 12, "num_statements": 12, "percent_covered": 100.0, "percent_covered_display": "100", "missing_lines": 0, "excluded_lines": 0}, "missing_lines": [], "excluded_lines": []}, "fetch_commits": {"executed_lines": [57, 58, 59, 60, 62, 63, 64, 65, 66, 67, 74], "summary": {"covered_lines": 11, "num_statements": 11, "percent_covered": 100.0, "percent_covered_display": "100", "missing_lines": 0, "excluded_lines": 0}, "missing_lines": [], "excluded_lines": []}, "fetch_readme": {"executed_lines": [81, 82, 83, 84, 85, 86, 87, 88, 91, 93, 94, 95, 96, 99], "summary": {"covered_lines": 14, "num_statements": 16, "percent_covered": 87.5, "percent_covered_display": "88", "missing_lines": 2, "excluded_lines": 0}, "missing_lines": [97, 98], "excluded_lines": []}, "": {"executed_lines": [1, 3, 4, 6, 8, 10, 13, 20, 31, 53, 77], "summary": {"covered_lines": 11, "num_statements": 11, "percent_covered": 100.0, "percent_covered_display": "100", "missing_lines": 0, "excluded_lines": 0}, "missing_lines": [], "excluded_lines": []}}, "classes": {"": {"executed_lines": [1, 3, 4, 6, 8, 10, 13, 14, 15, 16, 17, 20, 21, 22, 23, 24, 25, 26, 27, 28, 31, 36, 38, 39, 40, 42, 43, 45, 46, 47, 48, 49, 50, 53, 57, 58, 59, 60, 62, 63, 64, 65, 66, 67, 74, 77, 81, 82, 83, 84, 85, 86, 87, 88, 91, 93, 94, 95, 96, 99], "summary": {"covered_lines": 60, "num_statements": 62, "percent_covered": 96.7741935483871, "percent_covered_display": "97", "missing_lines": 2, "excluded_lines": 0}, "missing_lines": [97, 98], "excluded_lines": []}}}, "src\\api\\hugging_face_client.py": {"executed_lines": [1, 3, 5, 8, 10, 11, 13, 14, 15, 16, 18, 19, 20, 23, 26, 28, 29], "summary": {"covered_lines": 17, "num_statements": 17, "percent_covered": 100.0, "percent_covered_display": "100", "missing_lines": 0, "excluded_lines": 0}, "missing_lines": [], "excluded_lines": [], "functions": {"HuggingFaceClient.__init__": {"executed_lines": [11], "summary": {"covered_lines": 1, "num_statements": 1, "percent_covered": 100.0, "percent_covered_display": "100", "missing_lines": 0, "excluded_lines": 0}, "missing_lines": [], "excluded_lines": []}, "HuggingFaceClient.normalize_log": {"executed_lines": [14, 15, 16], "summary": {"covered_lines": 3, "num_statements": 3, "percent_covered": 100.0, "percent_covered_display": "100", "missing_lines": 0, "excluded_lines": 0}, "missing_lines": [], "excluded_lines": []}, "HuggingFaceClient.get_dataset_info": {"executed_lines": [19, 20, 23, 26], "summary": {"covered_lines": 4, "num_statements": 4, "percent_covered": 100.0, "percent_covered_display": "100", "missing_lines": 0, "excluded_lines": 0}, "missing_lines": [], "excluded_lines": []}, "HuggingFaceClient.download_file": {"executed_lines": [29], "summary": {"covered_lines": 1, "num_statements": 1, "percent_covered": 100.0, "percent_covered_display": "100", "missing_lines": 0, "excluded_lines": 0}, "missing_lines": [], "excluded_lines": []}, "": {"executed_lines": [1, 3, 5, 8, 10, 13, 18, 28], "summary": {"covered_lines": 8, "num_statements": 8, "percent_covered": 100.0, "percent_covered_display": "100", "missing_lines": 0, "excluded_lines": 0}, "missing_lines": [], "excluded_lines": []}}, "classes": {"HuggingFaceClient": {"executed_lines": [11, 14, 15, 16, 19, 20, 23, 26, 29], "summary": {"covered_lines": 9, "num_statements": 9, "percent_covered": 100.0, "percent_covered_display": "100", "missing_lines": 0, "excluded_lines": 0}, "missing_lines": [], "excluded_lines": []}, "": {"executed_lines": [1, 3, 5, 8, 10, 13, 18, 28], "summary": {"covered_lines": 8, "num_statements": 8, "percent_covered": 100.0, "percent_covered_display": "100", "missing_lines": 0, "excluded_lines": 0}, "missing_lines": [], "excluded_lines": []}}}, "src\\constants.py": {"executed_lines": [1, 2], "summary": {"covered_lines": 2, "num_statements": 2, "percent_covered": 100.0, "percent_covered_display": "100", "missing_lines": 0, "excluded_lines": 0}, "missing_lines": [], "excluded_lines": [], "functions": {"": {"executed_lines": [1, 2], "summary": {"covered_lines": 2, "num_statements": 2, "percent_covered": 100.0, "percent_covered_display": "100", "missing_lines": 0, "excluded_lines": 0}, "missing_lines": [], "excluded_lines": []}}, "classes": {"": {"executed_lines": [1, 2], "summary": {"covered_lines": 2, "num_statements": 2, "percent_covered": 100.0, "percent_covered_display": "100", "missing_lines": 0, "excluded_lines": 0}, "missing_lines": [], "excluded_lines": []}}}, "src\\core\\config.py": {"executed_lines": [1], "summary": {"covered_lines": 1, "num_statements": 9, "percent_covered": 11.11111111111111, "percent_covered_display": "11", "missing_lines": 8, "excluded_lines": 0}, "missing_lines": [4, 5, 8, 11, 12, 14, 15, 18], "excluded_lines": [], "functions": {"": {"executed_lines": [1], "summary": {"covered_lines": 1, "num_statements": 9, "percent_covered": 11.11111111111111, "percent_covered_display": "11", "missing_lines": 8, "excluded_lines": 0}, "missing_lines": [4, 5, 8, 11, 12, 14, 15, 18], "excluded_lines": []}}, "classes": {"Settings": {"executed_lines": [], "summary": {"covered_lines": 0, "num_statements": 0, "percent_covered": 100.0, "percent_covered_display": "100", "missing_lines": 0, "excluded_lines": 0}, "missing_lines": [], "excluded_lines": []}, "Settings.Config": {"executed_lines": [], "summary": {"covered_lines": 0, "num_statements": 0, "percent_covered": 100.0, "percent_covered_display": "100", "missing_lines": 0, "excluded_lines": 0}, "missing_lines": [], "excluded_lines": []}, "": {"executed_lines": [1], "summary": {"covered_lines": 1, "num_statements": 9, "percent_covered": 11.11111111111111, "percent_covered_display": "11", "missing_lines": 8, "excluded_lines": 0}, "missing_lines": [4, 5, 8, 11, 12, 14, 15, 18], "excluded_lines": []}}}, "src\\main.py": {"executed_lines": [], "summary": {"covered_lines": 0, "num_statements": 151, "percent_covered": 0.0, "percent_covered_display": "0", "missing_lines": 151, "excluded_lines": 0}, "missing_lines": [1, 2, 3, 4, 5, 6, 7, 8, 9, 11, 16, 24, 25, 27, 28, 29, 34, 50, 51, 52, 53, 54, 55, 58, 59, 60, 63, 64, 65, 67, 68, 69, 70, 73, 75, 76, 77, 78, 79, 80, 81, 82, 83, 86, 87, 88, 89, 96, 98, 99, 100, 103, 104, 108, 113, 114, 115, 116, 117, 118, 119, 120, 121, 122, 123, 125, 132, 133, 134, 135, 136, 138, 139, 140, 141, 142, 144, 145, 146, 147, 148, 149, 150, 151, 152, 153, 155, 157, 158, 159, 160, 161, 162, 163, 164, 165, 166, 167, 168, 170, 172, 173, 174, 175, 176, 181, 182, 191, 192, 197, 202, 203, 205, 206, 207, 209, 210, 212, 236, 237, 238, 239, 241, 243, 244, 245, 247, 248, 249, 250, 251, 273, 275, 278, 279, 280, 281, 283, 284, 286, 287, 288, 289, 290, 291, 292, 293, 294, 296, 299, 300], "excluded_lines": [], "functions": {"_github_token_is_valid": {"executed_lines": [], "summary": {"covered_lines": 0, "num_statements": 1, "percent_covered": 0.0, "percent_covered_display": "0", "missing_lines": 1, "excluded_lines": 0}, "missing_lines": [25], "excluded_lines": []}, "_fail": {"executed_lines": [], "summary": {"covered_lines": 0, "num_statements": 2, "percent_covered": 0.0, "percent_covered_display": "0", "missing_lines": 2, "excluded_lines": 0}, "missing_lines": [28, 29], "excluded_lines": []}, "validate_and_configure_logging": {"executed_lines": [], "summary": {"covered_lines": 0, "num_statements": 36, "percent_covered": 0.0, "percent_covered_display": "0", "missing_lines": 36, "excluded_lines": 0}, "missing_lines": [50, 51, 52, 53, 54, 55, 58, 59, 60, 63, 64, 65, 67, 68, 69, 70, 73, 75, 76, 77, 78, 79, 80, 81, 82, 83, 86, 87, 88, 89, 96, 98, 99, 100, 103, 104], "excluded_lines": []}, "_classify_url": {"executed_lines": [], "summary": {"covered_lines": 0, "num_statements": 10, "percent_covered": 0.0, "percent_covered_display": "0", "missing_lines": 10, "excluded_lines": 0}, "missing_lines": [114, 115, 116, 117, 118, 119, 120, 121, 122, 123], "excluded_lines": []}, "parse_url_file": {"executed_lines": [], "summary": {"covered_lines": 0, "num_statements": 39, "percent_covered": 0.0, "percent_covered_display": "0", "missing_lines": 39, "excluded_lines": 0}, "missing_lines": [132, 133, 134, 135, 136, 138, 139, 140, 141, 142, 144, 145, 146, 147, 148, 149, 150, 151, 152, 153, 155, 157, 158, 159, 160, 161, 162, 163, 164, 165, 166, 167, 168, 170, 172, 173, 174, 175, 176], "excluded_lines": []}, "calculate_net_score": {"executed_lines": [], "summary": {"covered_lines": 0, "num_statements": 3, "percent_covered": 0.0, "percent_covered_display": "0", "missing_lines": 3, "excluded_lines": 0}, "missing_lines": [182, 191, 192], "excluded_lines": []}, "analyze_entry": {"executed_lines": [], "summary": {"covered_lines": 0, "num_statements": 8, "percent_covered": 0.0, "percent_covered_display": "0", "missing_lines": 8, "excluded_lines": 0}, "missing_lines": [202, 203, 205, 206, 207, 209, 210, 212], "excluded_lines": []}, "process_entries": {"executed_lines": [], "summary": {"covered_lines": 0, "num_statements": 14, "percent_covered": 0.0, "percent_covered_display": "0", "missing_lines": 14, "excluded_lines": 0}, "missing_lines": [237, 238, 239, 241, 243, 244, 245, 247, 248, 249, 250, 251, 273, 275], "excluded_lines": []}, "main": {"executed_lines": [], "summary": {"covered_lines": 0, "num_statements": 15, "percent_covered": 0.0, "percent_covered_display": "0", "missing_lines": 15, "excluded_lines": 0}, "missing_lines": [279, 280, 281, 283, 284, 286, 287, 288, 289, 290, 291, 292, 293, 294, 296], "excluded_lines": []}, "": {"executed_lines": [], "summary": {"covered_lines": 0, "num_statements": 23, "percent_covered": 0.0, "percent_covered_display": "0", "missing_lines": 23, "excluded_lines": 0}, "missing_lines": [1, 2, 3, 4, 5, 6, 7, 8, 9, 11, 16, 24, 27, 34, 108, 113, 125, 181, 197, 236, 278, 299, 300], "excluded_lines": []}}, "classes": {"": {"executed_lines": [], "summary": {"covered_lines": 0, "num_statements": 151, "percent_covered": 0.0, "percent_covered_display": "0", "missing_lines": 151, "excluded_lines": 0}, "missing_lines": [1, 2, 3, 4, 5, 6, 7, 8, 9, 11, 16, 24, 25, 27, 28, 29, 34, 50, 51, 52, 53, 54, 55, 58, 59, 60, 63, 64, 65, 67, 68, 69, 70, 73, 75, 76, 77, 78, 79, 80, 81, 82, 83, 86, 87, 88, 89, 96, 98, 99, 100, 103, 104, 108, 113, 114, 115, 116, 117, 118, 119, 120, 121, 122, 123, 125, 132, 133, 134, 135, 136, 138, 139, 140, 141, 142, 144, 145, 146, 147, 148, 149, 150, 151, 152, 153, 155, 157, 158, 159, 160, 161, 162, 163, 164, 165, 166, 167, 168, 170, 172, 173, 174, 175, 176, 181, 182, 191, 192, 197, 202, 203, 205, 206, 207, 209, 210, 212, 236, 237, 238, 239, 241, 243, 244, 245, 247, 248, 249, 250, 251, 273, 275, 278, 279, 280, 281, 283, 284, 286, 287, 288, 289, 290, 291, 292, 293, 294, 296, 299, 300], "excluded_lines": []}}}, "src\\metrics.py": {"executed_lines": [], "summary": {"covered_lines": 0, "num_statements": 69, "percent_covered": 0.0, "percent_covered_display": "0", "missing_lines": 69, "excluded_lines": 0}, "missing_lines": [1, 3, 4, 5, 6, 8, 10, 13, 14, 15, 16, 19, 20, 21, 22, 23, 26, 27, 28, 31, 32, 33, 34, 35, 36, 37, 39, 40, 43, 44, 45, 46, 47, 48, 49, 50, 51, 52, 53, 54, 55, 56, 62, 63, 64, 65, 66, 67, 70, 77, 78, 80, 81, 82, 83, 85, 86, 87, 88, 89, 90, 92, 93, 94, 95, 96, 97, 98, 100], "excluded_lines": [], "functions": {"_m_size": {"executed_lines": [], "summary": {"covered_lines": 0, "num_statements": 8, "percent_covered": 0.0, "percent_covered_display": "0", "missing_lines": 8, "excluded_lines": 0}, "missing_lines": [32, 33, 34, 35, 36, 37, 39, 40], "excluded_lines": []}, "_m_busfactor": {"executed_lines": [], "summary": {"covered_lines": 0, "num_statements": 13, "percent_covered": 0.0, "percent_covered_display": "0", "missing_lines": 13, "excluded_lines": 0}, "missing_lines": [44, 45, 46, 47, 48, 49, 50, 51, 52, 53, 54, 55, 56], "excluded_lines": []}, "_m_rampup": {"executed_lines": [], "summary": {"covered_lines": 0, "num_statements": 5, "percent_covered": 0.0, "percent_covered_display": "0", "missing_lines": 5, "excluded_lines": 0}, "missing_lines": [63, 64, 65, 66, 67], "excluded_lines": []}, "evaluate_all": {"executed_lines": [], "summary": {"covered_lines": 0, "num_statements": 19, "percent_covered": 0.0, "percent_covered_display": "0", "missing_lines": 19, "excluded_lines": 0}, "missing_lines": [78, 80, 81, 82, 83, 85, 86, 87, 88, 89, 90, 92, 93, 94, 95, 96, 97, 98, 100], "excluded_lines": []}, "": {"executed_lines": [], "summary": {"covered_lines": 0, "num_statements": 24, "percent_covered": 0.0, "percent_covered_display": "0", "missing_lines": 24, "excluded_lines": 0}, "missing_lines": [1, 3, 4, 5, 6, 8, 10, 13, 14, 15, 16, 19, 20, 21, 22, 23, 26, 27, 28, 31, 43, 62, 70, 77], "excluded_lines": []}}, "classes": {"InputSpec": {"executed_lines": [], "summary": {"covered_lines": 0, "num_statements": 0, "percent_covered": 100.0, "percent_covered_display": "100", "missing_lines": 0, "excluded_lines": 0}, "missing_lines": [], "excluded_lines": []}, "MetricSpec": {"executed_lines": [], "summary": {"covered_lines": 0, "num_statements": 0, "percent_covered": 100.0, "percent_covered_display": "100", "missing_lines": 0, "excluded_lines": 0}, "missing_lines": [], "excluded_lines": []}, "": {"executed_lines": [], "summary": {"covered_lines": 0, "num_statements": 69, "percent_covered": 0.0, "percent_covered_display": "0", "missing_lines": 69, "excluded_lines": 0}, "missing_lines": [1, 3, 4, 5, 6, 8, 10, 13, 14, 15, 16, 19, 20, 21, 22, 23, 26, 27, 28, 31, 32, 33, 34, 35, 36, 37, 39, 40, 43, 44, 45, 46, 47, 48, 49, 50, 51, 52, 53, 54, 55, 56, 62, 63, 64, 65, 66, 67, 70, 77, 78, 80, 81, 82, 83, 85, 86, 87, 88, 89, 90, 92, 93, 94, 95, 96, 97, 98, 100], "excluded_lines": []}}}, "src\\metrics\\__init__.py": {"executed_lines": [0], "summary": {"covered_lines": 0, "num_statements": 0, "percent_covered": 100.0, "percent_covered_display": "100", "missing_lines": 0, "excluded_lines": 0}, "missing_lines": [], "excluded_lines": [], "functions": {"": {"executed_lines": [], "summary": {"covered_lines": 0, "num_statements": 0, "percent_covered": 100.0, "percent_covered_display": "100", "missing_lines": 0, "excluded_lines": 0}, "missing_lines": [], "excluded_lines": []}}, "classes": {"": {"executed_lines": [], "summary": {"covered_lines": 0, "num_statements": 0, "percent_covered": 100.0, "percent_covered_display": "100", "missing_lines": 0, "excluded_lines": 0}, "missing_lines": [], "excluded_lines": []}}}, "src\\metrics\\bus_factor_metric.py": {"executed_lines": [1, 2, 3, 5, 6, 9, 10, 11, 14, 15, 16, 18, 19, 21, 22, 23, 27, 29, 33, 36], "summary": {"covered_lines": 20, "num_statements": 20, "percent_covered": 100.0, "percent_covered_display": "100", "missing_lines": 0, "excluded_lines": 0}, "missing_lines": [], "excluded_lines": [], "functions": {"BusFactorMetric.__init__": {"executed_lines": [16], "summary": {"covered_lines": 1, "num_statements": 1, "percent_covered": 100.0, "percent_covered_display": "100", "missing_lines": 0, "excluded_lines": 0}, "missing_lines": [], "excluded_lines": []}, "BusFactorMetric.calculate": {"executed_lines": [19, 21, 22, 23, 27, 29, 33, 36], "summary": {"covered_lines": 8, "num_statements": 8, "percent_covered": 100.0, "percent_covered_display": "100", "missing_lines": 0, "excluded_lines": 0}, "missing_lines": [], "excluded_lines": []}, "": {"executed_lines": [1, 2, 3, 5, 6, 9, 10, 11, 14, 15, 18], "summary": {"covered_lines": 11, "num_statements": 11, "percent_covered": 100.0, "percent_covered_display": "100", "missing_lines": 0, "excluded_lines": 0}, "missing_lines": [], "excluded_lines": []}}, "classes": {"BusFactorInput": {"executed_lines": [], "summary": {"covered_lines": 0, "num_statements": 0, "percent_covered": 100.0, "percent_covered_display": "100", "missing_lines": 0, "excluded_lines": 0}, "missing_lines": [], "excluded_lines": []}, "BusFactorMetric": {"executed_lines": [16, 19, 21, 22, 23, 27, 29, 33, 36], "summary": {"covered_lines": 9, "num_statements": 9, "percent_covered": 100.0, "percent_covered_display": "100", "missing_lines": 0, "excluded_lines": 0}, "missing_lines": [], "excluded_lines": []}, "": {"executed_lines": [1, 2, 3, 5, 6, 9, 10, 11, 14, 15, 18], "summary": {"covered_lines": 11, "num_statements": 11, "percent_covered": 100.0, "percent_covered_display": "100", "missing_lines": 0, "excluded_lines": 0}, "missing_lines": [], "excluded_lines": []}}}, "src\\metrics\\code_quality_metric.py": {"executed_lines": [1, 2, 4, 5, 8, 9, 10, 13, 14, 15, 17, 18, 20, 21, 23, 25, 26, 28], "summary": {"covered_lines": 18, "num_statements": 18, "percent_covered": 100.0, "percent_covered_display": "100", "missing_lines": 0, "excluded_lines": 0}, "missing_lines": [], "excluded_lines": [], "functions": {"CodeQualityMetric.__init__": {"executed_lines": [18], "summary": {"covered_lines": 1, "num_statements": 1, "percent_covered": 100.0, "percent_covered_display": "100", "missing_lines": 0, "excluded_lines": 0}, "missing_lines": [], "excluded_lines": []}, "CodeQualityMetric.calculate": {"executed_lines": [21, 23, 25, 26, 28], "summary": {"covered_lines": 5, "num_statements": 5, "percent_covered": 100.0, "percent_covered_display": "100", "missing_lines": 0, "excluded_lines": 0}, "missing_lines": [], "excluded_lines": []}, "": {"executed_lines": [1, 2, 4, 5, 8, 9, 10, 13, 14, 15, 17, 20], "summary": {"covered_lines": 12, "num_statements": 12, "percent_covered": 100.0, "percent_covered_display": "100", "missing_lines": 0, "excluded_lines": 0}, "missing_lines": [], "excluded_lines": []}}, "classes": {"CodeQualityInput": {"executed_lines": [], "summary": {"covered_lines": 0, "num_statements": 0, "percent_covered": 100.0, "percent_covered_display": "100", "missing_lines": 0, "excluded_lines": 0}, "missing_lines": [], "excluded_lines": []}, "CodeQualityMetric": {"executed_lines": [18, 21, 23, 25, 26, 28], "summary": {"covered_lines": 6, "num_statements": 6, "percent_covered": 100.0, "percent_covered_display": "100", "missing_lines": 0, "excluded_lines": 0}, "missing_lines": [], "excluded_lines": []}, "": {"executed_lines": [1, 2, 4, 5, 8, 9, 10, 13, 14, 15, 17, 20], "summary": {"covered_lines": 12, "num_statements": 12, "percent_covered": 100.0, "percent_covered_display": "100", "missing_lines": 0, "excluded_lines": 0}, "missing_lines": [], "excluded_lines": []}}}, "src\\metrics\\dataset_code_metric.py": {"executed_lines": [1, 2, 3, 4, 5, 7, 8, 11, 12, 13, 16, 17, 18, 20, 40, 57, 69, 81, 92, 107, 109, 111, 113, 115, 117, 118, 119, 122, 123, 124, 126, 127, 129, 130, 131, 133, 134, 135, 137, 138, 139, 141, 142, 143, 145, 146, 147, 149, 150, 151, 152, 153, 154, 155, 157, 158, 159, 160, 161, 162, 163, 165, 166, 167, 168, 169, 170, 177, 178, 179, 180, 182, 183, 184, 186, 187, 189, 191, 192, 193, 196, 198, 199, 200, 201, 202, 203, 205, 208, 209, 210, 211, 217, 218, 219, 221, 225, 226, 229, 231, 232, 233, 235, 249, 250, 253, 266, 267, 270, 272, 273, 274, 277, 279, 302, 303, 304, 307, 320, 321, 322, 324, 328, 329, 330, 331, 333, 355, 356, 357, 359, 368, 369, 372, 376, 377, 378, 379, 383, 384, 385, 386
[...]
857142857146, "percent_covered_display": "57", "missing_lines": 6, "excluded_lines": 0}, "missing_lines": [380, 381, 387, 388, 391, 392], "excluded_lines": []}, "": {"executed_lines": [1, 2, 3, 4, 5, 7, 8, 11, 12, 13, 16, 17, 92, 117, 177, 191, 225, 272, 328, 376], "summary": {"covered_lines": 20, "num_statements": 20, "percent_covered": 100.0, "percent_covered_display": "100", "missing_lines": 0, "excluded_lines": 0}, "missing_lines": [], "excluded_lines": []}}, "classes": {"DatasetCodeInput": {"executed_lines": [], "summary": {"covered_lines": 0, "num_statements": 0, "percent_covered": 100.0, "percent_covered_display": "100", "missing_lines": 0, "excluded_lines": 0}, "missing_lines": [], "excluded_lines": []}, "DatasetCodeMetric": {"executed_lines": [18, 20, 40, 57, 69, 81, 107, 109, 111, 113, 115, 118, 119, 122, 123, 124, 126, 127, 129, 130, 131, 133, 134, 135, 137, 138, 139, 141, 142, 143, 145, 146, 147, 149, 150, 151, 152, 153, 154, 155, 157, 158, 159, 160, 161, 162, 163, 165, 166, 167, 168, 169, 170, 178, 179, 180, 182, 183, 184, 186, 187, 189, 192, 193, 196, 198, 199, 200, 201, 202, 203, 205, 208, 209, 210, 211, 217, 218, 219, 221, 226, 229, 231, 232, 233, 235, 249, 250, 253, 266, 267, 270, 273, 274, 277, 279, 302, 303, 304, 307, 320, 321, 322, 324, 329, 330, 331, 333, 355, 356, 357, 359, 368, 369, 372, 377, 378, 379, 383, 384, 385, 386, 390], "summary": {"covered_lines": 123, "num_statements": 146, "percent_covered": 84.24657534246575, "percent_covered_display": "84", "missing_lines": 23, "excluded_lines": 0}, "missing_lines": [120, 172, 174, 175, 194, 206, 222, 223, 227, 251, 268, 275, 325, 326, 370, 373, 374, 380, 381, 387, 388, 391, 392], "excluded_lines": []}, "": {"executed_lines": [1, 2, 3, 4, 5, 7, 8, 11, 12, 13, 16, 17, 92, 117, 177, 191, 225, 272, 328, 376], "summary": {"covered_lines": 20, "num_statements": 20, "percent_covered": 100.0, "percent_covered_display": "100", "missing_lines": 0, "excluded_lines": 0}, "missing_lines": [], "excluded_lines": []}}}, "src\\metrics\\dataset_quality_metric.py": {"executed_lines": [1, 2, 4, 5, 8, 9, 10, 13, 14, 15, 17, 18, 20, 21, 24, 25, 26, 27, 28, 29, 30, 31], "summary": {"covered_lines": 22, "num_statements": 22, "percent_covered": 100.0, "percent_covered_display": "100", "missing_lines": 0, "excluded_lines": 0}, "missing_lines": [], "excluded_lines": [], "functions": {"DatasetQualityMetric.__init__": {"executed_lines": [18], "summary": {"covered_lines": 1, "num_statements": 1, "percent_covered": 100.0, "percent_covered_display": "100", "missing_lines": 0, "excluded_lines": 0}, "missing_lines": [], "excluded_lines": []}, "DatasetQualityMetric.calculate": {"executed_lines": [21, 24, 25, 26, 27, 28, 29, 30, 31], "summary": {"covered_lines": 9, "num_statements": 9, "percent_covered": 100.0, "percent_covered_display": "100", "missing_lines": 0, "excluded_lines": 0}, "missing_lines": [], "excluded_lines": []}, "": {"executed_lines": [1, 2, 4, 5, 8, 9, 10, 13, 14, 15, 17, 20], "summary": {"covered_lines": 12, "num_statements": 12, "percent_covered": 100.0, "percent_covered_display": "100", "missing_lines": 0, "excluded_lines": 0}, "missing_lines": [], "excluded_lines": []}}, "classes": {"DatasetQualityInput": {"executed_lines": [], "summary": {"covered_lines": 0, "num_statements": 0, "percent_covered": 100.0, "percent_covered_display": "100", "missing_lines": 0, "excluded_lines": 0}, "missing_lines": [], "excluded_lines": []}, "DatasetQualityMetric": {"executed_lines": [18, 21, 24, 25, 26, 27, 28, 29, 30, 31], "summary": {"covered_lines": 10, "num_statements": 10, "percent_covered": 100.0, "percent_covered_display": "100", "missing_lines": 0, "excluded_lines": 0}, "missing_lines": [], "excluded_lines": []}, "": {"executed_lines": [1, 2, 4, 5, 8, 9, 10, 13, 14, 15, 17, 20], "summary": {"covered_lines": 12, "num_statements": 12, "percent_covered": 100.0, "percent_covered_display": "100", "missing_lines": 0, "excluded_lines": 0}, "missing_lines": [], "excluded_lines": []}}}, "src\\metrics\\license_metric.py": {"executed_lines": [1, 2, 3, 4, 6, 7, 10, 11, 12, 15, 16, 17, 18, 39, 47, 59, 60, 62, 63, 64, 65, 67, 68, 69, 73, 75, 76, 77, 79, 81, 87, 88, 90, 91, 92, 93, 94, 95, 96, 98, 99, 100, 101, 104, 105, 108, 109, 111, 113, 114, 115, 118, 119, 120, 123, 142, 145, 147, 148, 151, 152, 153, 156, 157, 158, 161, 162, 163, 165], "summary": {"covered_lines": 69, "num_statements": 71, "percent_covered": 97.1830985915493, "percent_covered_display": "97", "missing_lines": 2, "excluded_lines": 0}, "missing_lines": [140, 143], "excluded_lines": [], "functions": {"LicenseMetric.__init__": {"executed_lines": [17, 18, 39, 47], "summary": {"covered_lines": 4, "num_statements": 4, "percent_covered": 100.0, "percent_covered_display": "100", "missing_lines": 0, "excluded_lines": 0}, "missing_lines": [], "excluded_lines": []}, "LicenseMetric.calculate": {"executed_lines": [60, 62, 63, 64, 65, 67, 68, 69, 73, 75, 76, 77], "summary": {"covered_lines": 12, "num_statements": 12, "percent_covered": 100.0, "percent_covered_display": "100", "missing_lines": 0, "excluded_lines": 0}, "missing_lines": [], "excluded_lines": []}, "LicenseMetric._extract_license_from_readme": {"executed_lines": [81, 87, 88, 90, 91, 92, 93, 94, 95, 96, 98, 99, 100, 101, 104, 105, 108, 109, 111, 113, 114, 115, 118, 119, 120, 123, 142, 145], "summary": {"covered_lines": 28, "num_statements": 30, "percent_covered": 93.33333333333333, "percent_covered_display": "93", "missing_lines": 2, "excluded_lines": 0}, "missing_lines": [140, 143], "excluded_lines": []}, "LicenseMetric._score_license": {"executed_lines": [148, 151, 152, 153, 156, 157, 158, 161, 162, 163, 165], "summary": {"covered_lines": 11, "num_statements": 11, "percent_covered": 100.0, "percent_covered_display": "100", "missing_lines": 0, "excluded_lines": 0}, "missing_lines": [], "excluded_lines": []}, "": {"executed_lines": [1, 2, 3, 4, 6, 7, 10, 11, 12, 15, 16, 59, 79, 147], "summary": {"covered_lines": 14, "num_statements": 14, "percent_covered": 100.0, "percent_covered_display": "100", "missing_lines": 0, "excluded_lines": 0}, "missing_lines": [], "excluded_lines": []}}, "classes": {"LicenseInput": {"executed_lines": [], "summary": {"covered_lines": 0, "num_statements": 0, "percent_covered": 100.0, "percent_covered_display": "100", "missing_lines": 0, "excluded_lines": 0}, "missing_lines": [], "excluded_lines": []}, "LicenseMetric": {"executed_lines": [17, 18, 39, 47, 60, 62, 63, 64, 65, 67, 68, 69, 73, 75, 76, 77, 81, 87, 88, 90, 91, 92, 93, 94, 95, 96, 98, 99, 100, 101, 104, 105, 108, 109, 111, 113, 114, 115, 118, 119, 120, 123, 142, 145, 148, 151, 152, 153, 156, 157, 158, 161, 162, 163, 165], "summary": {"covered_lines": 55, "num_statements": 57, "percent_covered": 96.49122807017544, "percent_covered_display": "96", "missing_lines": 2, "excluded_lines": 0}, "missing_lines": [140, 143], "excluded_lines": []}, "": {"executed_lines": [1, 2, 3, 4, 6, 7, 10, 11, 12, 15, 16, 59, 79, 147], "summary": {"covered_lines": 14, "num_statements": 14, "percent_covered": 100.0, "percent_covered_display": "100", "missing_lines": 0, "excluded_lines": 0}, "missing_lines": [], "excluded_lines": []}}}, "src\\metrics\\metric.py": {"executed_lines": [1, 2, 5, 6, 7, 8], "summary": {"covered_lines": 6, "num_statements": 6, "percent_covered": 100.0, "percent_covered_display": "100", "missing_lines": 0, "excluded_lines": 0}, "missing_lines": [], "excluded_lines": [], "functions": {"Metric.calculate": {"executed_lines": [8], "summary": {"covered_lines": 1, "num_statements": 1, "percent_covered": 100.0, "percent_covered_display": "100", "missing_lines": 0, "excluded_lines": 0}, "missing_lines": [], "excluded_lines": []}, "": {"executed_lines": [1, 2, 5, 6, 7], "summary": {"covered_lines": 5, "num_statements": 5, "percent_covered": 100.0, "percent_covered_display": "100", "missing_lines": 0, "excluded_lines": 0}, "missing_lines": [], "excluded_lines": []}}, "classes": {"Metric": {"executed_lines": [8], "summary": {"covered_lines": 1, "num_statements": 1, "percent_covered": 100.0, "percent_covered_display": "100", "missing_lines": 0, "excluded_lines": 0}, "missing_lines": [], "excluded_lines": []}, "": {"executed_lines": [1, 2, 5, 6, 7], "summary": {"covered_lines": 5, "num_statements": 5, "percent_covered": 100.0, "percent_covered_display": "100", "missing_lines": 0, "excluded_lines": 0}, "missing_lines": [], "excluded_lines": []}}}, "src\\metrics\\metrics_calculator.py": {"executed_lines": [1, 2, 3, 4, 5, 6, 7, 9, 10, 11, 12, 13, 14, 15, 16, 17, 18, 21, 50, 55, 57, 58, 65, 69, 71, 72, 83, 87, 89, 90, 97, 98, 113, 122, 123, 124, 125, 126, 129, 130, 131, 132, 133, 134, 135, 137, 148, 149, 152, 153, 157, 158, 160, 172, 176, 180, 182, 186, 187, 188, 190, 192, 194, 195, 200, 203, 206, 209, 210, 214, 222, 225, 229, 247, 264, 266, 289, 297, 298, 299, 300, 301, 307, 308, 309, 311, 314, 315, 318, 325, 330, 333, 334, 336, 338, 383, 401, 404, 407, 409, 417], "summary": {"covered_lines": 100, "num_statements": 134, "percent_covered": 74.6268656716418, "percent_covered_display": "75", "missing_lines": 34, "excluded_lines": 0}, "missing_lines": [32, 36, 37, 38, 43, 44, 45, 47, 56, 70, 88, 155, 177, 178, 196, 197, 198, 199, 302, 303, 326, 327, 352, 355, 356, 357, 360, 368, 369, 373, 374, 375, 376, 378], "excluded_lines": [], "functions": {"extract_hf_repo_id": {"executed_lines": [], "summary": {"covered_lines": 0, "num_statements": 8, "percent_covered": 0.0, "percent_covered_display": "0", "missing_lines": 8, "excluded_lines": 0}, "missing_lines": [32, 36, 37, 38, 43, 44, 45, 47], "excluded_lines": []}, "is_code_repository": {"executed_lines": [55, 57, 58], "summary": {"covered_lines": 3, "num_statements": 4, "percent_covered": 75.0, "percent_covered_display": "75", "missing_lines": 1, "excluded_lines": 0}, "missing_lines": [56], "excluded_lines": []}, "is_dataset_url": {"executed_lines": [69, 71, 72], "summary": {"covered_lines": 3, "num_statements": 4, "percent_covered": 75.0, "percent_covered_display": "75", "missing_lines": 1, "excluded_lines": 0}, "missing_lines": [70], "excluded_lines": []}, "is_model_url": {"executed_lines": [87, 89, 90], "summary": {"covered_lines": 3, "num_statements": 4, "percent_covered": 75.0, "percent_covered_display": "75", "missing_lines": 1, "excluded_lines": 0}, "missing_lines": [88], "excluded_lines": []}, "MetricsCalculator.__init__": {"executed_lines": [122, 123, 124, 125, 126, 129, 130, 131, 132, 133, 134, 135], "summary": {"covered_lines": 12, "num_statements": 12, "percent_covered": 100.0, "percent_covered_display": "100", "missing_lines": 0, "excluded_lines": 0}, "missing_lines": [], "excluded_lines": []}, "MetricsCalculator._run_cpu_bound": {"executed_lines": [148, 149, 152, 153, 157, 158], "summary": {"covered_lines": 6, "num_statements": 7, "percent_covered": 85.71428571428571, "percent_covered_display": "86", "missing_lines": 1, "excluded_lines": 0}, "missing_lines": [155], "excluded_lines": []}, "MetricsCalculator.analyze_repository": {"executed_lines": [172, 176, 180, 182, 186, 187, 188, 190, 192, 194, 195, 200, 203, 206, 209, 210, 214, 222, 225, 229, 247, 264], "summary": {"covered_lines": 22, "num_statements": 28, "percent_covered": 78.57142857142857, "percent_covered_display": "79", "missing_lines": 6, "excluded_lines": 0}, "missing_lines": [177, 178, 196, 197, 198, 199], "excluded_lines": []}, "MetricsCalculator.analyze_entry": {"executed_lines": [289, 297, 298, 299, 300, 301, 307, 308, 309, 311, 314, 315, 318, 325, 330, 333, 334, 336], "summary": {"covered_lines": 18, "num_statements": 22, "percent_covered": 81.81818181818181, "percent_covered_display": "82", "missing_lines": 4, "excluded_lines": 0}, "missing_lines": [302, 303, 326, 327], "excluded_lines": []}, "MetricsCalculator._analyze_dataset_quality": {"executed_lines": [], "summary": {"covered_lines": 0, "num_statements": 12, "percent_covered": 0.0, "percent_covered_display": "0", "missing_lines": 12, "excluded_lines": 0}, "missing_lines": [352, 355, 356, 357, 360, 368, 369, 373, 374, 375, 376, 378], "excluded_lines": []}, "MetricsCalculator._calculate_dataset_and_code_score": {"executed_lines": [401, 404, 407], "summary": {"covered_lines": 3, "num_statements": 3, "percent_covered": 100.0, "percent_covered_display": "100", "missing_lines": 0, "excluded_lines": 0}, "missing_lines": [], "excluded_lines": []}, "MetricsCalculator._get_default_metrics": {"executed_lines": [417], "summary": {"covered_lines": 1, "num_statements": 1, "percent_covered": 100.0, "percent_covered_display": "100", "missing_lines": 0, "excluded_lines": 0}, "missing_lines": [], "excluded_lines": []}, "": {"executed_lines": [1, 2, 3, 4, 5, 6, 7, 9, 10, 11, 12, 13, 14, 15, 16, 17, 18, 21, 50, 65, 83, 97, 98, 113, 137, 160, 266, 338, 383, 409], "summary": {"covered_lines": 29, "num_statements": 29, "percent_covered": 100.0, "percent_covered_display": "100", "missing_lines": 0, "excluded_lines": 0}, "missing_lines": [], "excluded_lines": []}}, "classes": {"MetricsCalculator": {"executed_lines": [122, 123, 124, 125, 126, 129, 130, 131, 132, 133, 134, 135, 148, 149, 152, 153, 157, 158, 172, 176, 180, 182, 186, 187, 188, 190, 192, 194, 195, 200, 203, 206, 209, 210, 214, 222, 225, 229, 247, 264, 289, 297, 298, 299, 300, 301, 307, 308, 309, 311, 314, 315, 318, 325, 330, 333, 334, 336, 401, 404, 407, 417], "summary": {"covered_lines": 62, "num_statements": 85, "percent_covered": 72.94117647058823, "percent_covered_display": "73", "missing_lines": 23, "excluded_lines": 0}, "missing_lines": [155, 177, 178, 196, 197, 198, 199, 302, 303, 326, 327, 352, 355, 356, 357, 360, 368, 369, 373, 374, 375, 376, 378], "excluded_lines": []}, "": {"executed_lines": [1, 2, 3, 4, 5, 6, 7, 9, 10, 11, 12, 13, 14, 15, 16, 17, 18, 21, 50, 55, 57, 58, 65, 69, 71, 72, 83, 87, 89, 90, 97, 98, 113, 137, 160, 266, 338, 383, 409], "summary": {"covered_lines": 38, "num_statements": 49, "percent_covered": 77.55102040816327, "percent_covered_display": "78", "missing_lines": 11, "excluded_lines": 0}, "missing_lines": [32, 36, 37, 38, 43, 44, 45, 47, 56, 70, 88], "excluded_lines": []}}}, "src\\metrics\\performance_claims_metric.py": {"executed_lines": [1, 2, 4, 5, 8, 9, 10, 13, 14, 15, 17, 18, 20, 21, 22, 23], "summary": {"covered_lines": 16, "num_statements": 16, "percent_covered": 100.0, "percent_covered_display": "100", "missing_lines": 0, "excluded_lines": 0}, "missing_lines": [], "excluded_lines": [], "functions": {"PerformanceClaimsMetric.__init__": {"executed_lines": [18], "summary": {"covered_lines": 1, "num_statements": 1, "percent_covered": 100.0, "percent_covered_display": "100", "missing_lines": 0, "excluded_lines": 0}, "missing_lines": [], "excluded_lines": []}, "PerformanceClaimsMetric.calculate": {"executed_lines": [21, 22, 23], "summary": {"covered_lines": 3, "num_statements": 3, "percent_covered": 100.0, "percent_covered_display": "100", "missing_lines": 0, "excluded_lines": 0}, "missing_lines": [], "excluded_lines": []}, "": {"executed_lines": [1, 2, 4, 5, 8, 9, 10, 13, 14, 15, 17, 20], "summary": {"covered_lines": 12, "num_statements": 12, "percent_covered": 100.0, "percent_covered_display": "100", "missing_lines": 0, "excluded_lines": 0}, "missing_lines": [], "excluded_lines": []}}, "classes": {"PerformanceInput": {"executed_lines": [], "summary": {"covered_lines": 0, "num_statements": 0, "percent_covered": 100.0, "percent_covered_display": "100", "missing_lines": 0, "excluded_lines": 0}, "missing_lines": [], "excluded_lines": []}, "PerformanceClaimsMetric": {"executed_lines": [18, 21, 22, 23], "summary": {"covered_lines": 4, "num_statements": 4, "percent_covered": 100.0, "percent_covered_display": "100", "missing_lines": 0, "excluded_lines": 0}, "missing_lines": [], "excluded_lines": []}, "": {"executed_lines": [1, 2, 4, 5, 8, 9, 10, 13, 14, 15, 17, 20], "summary": {"covered_lines": 12, "num_statements": 12, "percent_covered": 100.0, "percent_covered_display": "100", "missing_lines": 0, "excluded_lines": 0}, "missing_lines": [], "excluded_lines": []}}}, "src\\metrics\\ramp_up_time_metric.py": {"executed_lines": [1, 2, 4, 5, 6, 9, 10, 11, 12, 15, 16, 17, 18, 20, 23, 24, 26, 27, 28, 29, 30, 31, 32], "summary": {"covered_lines": 23, "num_statements": 23, "percent_covered": 100.0, "percent_covered_display": "100", "missing_lines": 0, "excluded_lines": 0}, "missing_lines": [], "excluded_lines": [], "functions": {"RampUpTimeMetric.__init__": {"executed_lines": [23, 24], "summary": {"covered_lines": 2, "num_statements": 2, "percent_covered": 100.0, "percent_covered_display": "100", "missing_lines": 0, "excluded_lines": 0}, "missing_lines": [], "excluded_lines": []}, "RampUpTimeMetric.calculate": {"executed_lines": [27, 28, 29, 30, 31, 32], "summary": {"covered_lines": 6, "num_statements": 6, "percent_covered": 100.0, "percent_covered_display": "100", "missing_lines": 0, "excluded_lines": 0}, "missing_lines": [], "excluded_lines": []}, "": {"executed_lines": [1, 2, 4, 5, 6, 9, 10, 11, 12, 15, 16, 17, 18, 20, 26], "summary": {"covered_lines": 15, "num_statements": 15, "percent_covered": 100.0, "percent_covered_display": "100", "missing_lines": 0, "excluded_lines": 0}, "missing_lines": [], "excluded_lines": []}}, "classes": {"RampUpTimeInput": {"executed_lines": [], "summary": {"covered_lines": 0, "num_statements": 0, "percent_covered": 100.0, "percent_covered_display": "100", "missing_lines": 0, "excluded_lines": 0}, "missing_lines": [], "excluded_lines": []}, "RampUpTimeMetric": {"executed_lines": [23, 24, 27, 28, 29, 30, 31, 32], "summary": {"covered_lines": 8, "num_statements": 8, "percent_covered": 100.0, "percent_covered_display": "100", "missing_lines": 0, "excluded_lines": 0}, "missing_lines": [], "excluded_lines": []}, "": {"executed_lines": [1, 2, 4, 5, 6, 9, 10, 11, 12, 15, 16, 17, 18, 20, 26], "summary": {"covered_lines": 15, "num_statements": 15, "percent_covered": 100.0, "percent_covered_display": "100", "missing_lines": 0, "excluded_lines": 0}, "missing_lines": [], "excluded_lines": []}}}, "src\\metrics\\size_metric.py": {"executed_lines": [1, 2, 4, 7, 8, 9, 12, 13, 14, 16, 17, 18], "summary": {"covered_lines": 12, "num_statements": 12, "percent_covered": 100.0, "percent_covered_display": "100", "missing_lines": 0, "excluded_lines": 0}, "missing_lines": [], "excluded_lines": [], "functions": {"SizeMetric.__init__": {"executed_lines": [14], "summary": {"covered_lines": 1, "num_statements": 1, "percent_covered": 100.0, "percent_covered_display": "100", "missing_lines": 0, "excluded_lines": 0}, "missing_lines": [], "excluded_lines": []}, "SizeMetric.calculate": {"executed_lines": [17, 18], "summary": {"covered_lines": 2, "num_statements": 2, "percent_covered": 100.0, "percent_covered_display": "100", "missing_lines": 0, "excluded_lines": 0}, "missing_lines": [], "excluded_lines": []}, "": {"executed_lines": [1, 2, 4, 7, 8, 9, 12, 13, 16], "summary": {"covered_lines": 9, "num_statements": 9, "percent_covered": 100.0, "percent_covered_display": "100", "missing_lines": 0, "excluded_lines": 0}, "missing_lines": [], "excluded_lines": []}}, "classes": {"SizeInput": {"executed_lines": [], "summary": {"covered_lines": 0, "num_statements": 0, "percent_covered": 100.0, "percent_covered_display": "100", "missing_lines": 0, "excluded_lines": 0}, "missing_lines": [], "excluded_lines": []}, "SizeMetric": {"executed_lines": [14, 17, 18], "summary": {"covered_lines": 3, "num_statements": 3, "percent_covered": 100.0, "percent_covered_display": "100", "missing_lines": 0, "excluded_lines": 0}, "missing_lines": [], "excluded_lines": []}, "": {"executed_lines": [1, 2, 4, 7, 8, 9, 12, 13, 16], "summary": {"covered_lines": 9, "num_statements": 9, "percent_covered": 100.0, "percent_covered_display": "100", "missing_lines": 0, "excluded_lines": 0}, "missing_lines": [], "excluded_lines": []}}}}, "totals": {"covered_lines": 1460, "num_statements": 2388, "percent_covered": 61.139028475711896, "percent_covered_display": "61", "missing_lines": 928, "excluded_lines": 4}}